{"/home/usuario/p7/ull-esit-inf-dsi-22-23-prct07-destravate-datamodel-grupof/src/types/grupos.ts":{"path":"/home/usuario/p7/ull-esit-inf-dsi-22-23-prct07-destravate-datamodel-grupof/src/types/grupos.ts","statementMap":{"0":{"start":{"line":2,"column":0},"end":{"line":2,"column":62}},"1":{"start":{"line":3,"column":0},"end":{"line":3,"column":23}},"2":{"start":{"line":12,"column":8},"end":{"line":12,"column":21}},"3":{"start":{"line":13,"column":8},"end":{"line":13,"column":29}},"4":{"start":{"line":14,"column":8},"end":{"line":14,"column":43}},"5":{"start":{"line":15,"column":8},"end":{"line":15,"column":45}},"6":{"start":{"line":16,"column":8},"end":{"line":16,"column":31}},"7":{"start":{"line":20,"column":8},"end":{"line":20,"column":23}},"8":{"start":{"line":23,"column":8},"end":{"line":23,"column":27}},"9":{"start":{"line":26,"column":8},"end":{"line":26,"column":34}},"10":{"start":{"line":29,"column":8},"end":{"line":29,"column":48}},"11":{"start":{"line":32,"column":8},"end":{"line":32,"column":35}},"12":{"start":{"line":35,"column":8},"end":{"line":35,"column":28}},"13":{"start":{"line":38,"column":0},"end":{"line":38,"column":22}},"14":{"start":{"line":39,"column":0},"end":{"line":41,"column":2}}},"fnMap":{"0":{"name":"(anonymous_0)","decl":{"start":{"line":11,"column":4},"end":{"line":11,"column":5}},"loc":{"start":{"line":11,"column":68},"end":{"line":17,"column":5}},"line":11},"1":{"name":"(anonymous_1)","decl":{"start":{"line":19,"column":4},"end":{"line":19,"column":5}},"loc":{"start":{"line":19,"column":12},"end":{"line":21,"column":5}},"line":19},"2":{"name":"(anonymous_2)","decl":{"start":{"line":22,"column":4},"end":{"line":22,"column":5}},"loc":{"start":{"line":22,"column":16},"end":{"line":24,"column":5}},"line":22},"3":{"name":"(anonymous_3)","decl":{"start":{"line":25,"column":4},"end":{"line":25,"column":5}},"loc":{"start":{"line":25,"column":23},"end":{"line":27,"column":5}},"line":25},"4":{"name":"(anonymous_4)","decl":{"start":{"line":28,"column":4},"end":{"line":28,"column":5}},"loc":{"start":{"line":28,"column":36},"end":{"line":30,"column":5}},"line":28},"5":{"name":"(anonymous_5)","decl":{"start":{"line":31,"column":4},"end":{"line":31,"column":5}},"loc":{"start":{"line":31,"column":24},"end":{"line":33,"column":5}},"line":31},"6":{"name":"(anonymous_6)","decl":{"start":{"line":34,"column":4},"end":{"line":34,"column":5}},"loc":{"start":{"line":34,"column":17},"end":{"line":36,"column":5}},"line":34}},"branchMap":{},"s":{"0":1,"1":1,"2":7,"3":7,"4":7,"5":7,"6":7,"7":18,"8":2,"9":3,"10":0,"11":5,"12":1,"13":1,"14":1},"f":{"0":7,"1":18,"2":2,"3":3,"4":0,"5":5,"6":1},"b":{},"inputSourceMap":{"version":3,"file":"/home/usuario/p7/ull-esit-inf-dsi-22-23-prct07-destravate-datamodel-grupof/src/types/grupos.ts","sources":["/home/usuario/p7/ull-esit-inf-dsi-22-23-prct07-destravate-datamodel-grupof/src/types/grupos.ts"],"names":[],"mappings":";;;AAAA,MAAa,KAAK;IAChB,EAAE,CAAS;IACX,MAAM,CAAS;IACf,aAAa,CAAW;IACxB,cAAc,CAAsD;IACpE,OAAO,CAAS;IAChB,8BAA8B;IAC9B,YACE,EAAU,EACV,MAAc,EACd,aAAuB,EACvB,cAAmE,EACnE,OAAe;QAEf,IAAI,CAAC,EAAE,GAAG,EAAE,CAAC;QACb,IAAI,CAAC,MAAM,GAAG,MAAM,CAAC;QACrB,IAAI,CAAC,aAAa,GAAG,aAAa,CAAC;QACnC,IAAI,CAAC,cAAc,GAAG,cAAc,CAAC;QACrC,IAAI,CAAC,OAAO,GAAG,OAAO,CAAC;IACzB,CAAC;IAED,UAAU;IAEV,KAAK;QACH,OAAO,IAAI,CAAC,EAAE,CAAC;IACjB,CAAC;IAED,SAAS;QACP,OAAO,IAAI,CAAC,MAAM,CAAC;IACrB,CAAC;IAED,gBAAgB;QACd,OAAO,IAAI,CAAC,aAAa,CAAC;IAC5B,CAAC;IAED,eAAe,CAAC,cAAsB;QACpC,IAAI,CAAC,aAAa,CAAC,IAAI,CAAC,cAAc,CAAC,CAAC;IAC1C,CAAC;IAED,iBAAiB;QACf,OAAO,IAAI,CAAC,cAAc,CAAC;IAC7B,CAAC;IACD,UAAU;QACR,OAAO,IAAI,CAAC,OAAO,CAAC;IACtB,CAAC;CACF;AA7CD,sBA6CC;AAED,MAAM,CAAC,OAAO,GAAG;IACf,KAAK;CACN,CAAC","sourcesContent":["export class grupo {\n  id: string;\n  nombre: string;\n  participantes: string[];\n  historicoRutas: { fecha: Date; ruta: string; usuarios: string[] }[];\n  creador: string;\n  // Atributo de usuario creador\n  constructor(\n    id: string,\n    nombre: string,\n    participantes: string[],\n    historicoRutas: { fecha: Date; ruta: string; usuarios: string[] }[],\n    creador: string\n  ) {\n    this.id = id;\n    this.nombre = nombre;\n    this.participantes = participantes;\n    this.historicoRutas = historicoRutas;\n    this.creador = creador;\n  }\n\n  // Getters\n\n  getId(): string {\n    return this.id;\n  }\n\n  getNombre(): string {\n    return this.nombre;\n  }\n\n  getParticipantes(): string[] {\n    return this.participantes;\n  }\n\n  addParticipante(idParticipante: string) {\n    this.participantes.push(idParticipante);\n  }\n\n  getHistoricoRutas(): { fecha: Date; ruta: string; usuarios: string[] }[] {\n    return this.historicoRutas;\n  }\n  getCreador(): string {\n    return this.creador;\n  }\n}\n\nmodule.exports = {\n  grupo,\n};\n"]},"_coverageSchema":"1a1c01bbd47fc00a2c39e90264f33305004495a9","hash":"f2b7aaf266ec91660c7c0d9e604a96a83cc4476f","contentHash":"8bff34ed7cf61ee2baec766111b2f4ee3e8e6c6c17cedc3b464f61c627b26c97"},"/home/usuario/p7/ull-esit-inf-dsi-22-23-prct07-destravate-datamodel-grupof/src/collections/grupoCollection.ts":{"path":"/home/usuario/p7/ull-esit-inf-dsi-22-23-prct07-destravate-datamodel-grupof/src/collections/grupoCollection.ts","statementMap":{"0":{"start":{"line":2,"column":22},"end":{"line":4,"column":1}},"1":{"start":{"line":3,"column":4},"end":{"line":3,"column":62}},"2":{"start":{"line":5,"column":0},"end":{"line":5,"column":62}},"3":{"start":{"line":6,"column":0},"end":{"line":6,"column":33}},"4":{"start":{"line":7,"column":17},"end":{"line":7,"column":43}},"5":{"start":{"line":8,"column":16},"end":{"line":8,"column":49}},"6":{"start":{"line":9,"column":19},"end":{"line":9,"column":70}},"7":{"start":{"line":15,"column":8},"end":{"line":15,"column":35}},"8":{"start":{"line":16,"column":8},"end":{"line":16,"column":101}},"9":{"start":{"line":17,"column":8},"end":{"line":20,"column":9}},"10":{"start":{"line":18,"column":28},"end":{"line":18,"column":62}},"11":{"start":{"line":19,"column":12},"end":{"line":19,"column":156}},"12":{"start":{"line":19,"column":38},"end":{"line":19,"column":154}},"13":{"start":{"line":21,"column":8},"end":{"line":21,"column":41}},"14":{"start":{"line":24,"column":8},"end":{"line":24,"column":36}},"15":{"start":{"line":27,"column":22},"end":{"line":27,"column":80}},"16":{"start":{"line":27,"column":59},"end":{"line":27,"column":79}},"17":{"start":{"line":28,"column":8},"end":{"line":35,"column":9}},"18":{"start":{"line":29,"column":12},"end":{"line":29,"column":50}},"19":{"start":{"line":30,"column":12},"end":{"line":34,"column":25}},"20":{"start":{"line":38,"column":8},"end":{"line":38,"column":41}},"21":{"start":{"line":39,"column":24},"end":{"line":45,"column":9}},"22":{"start":{"line":46,"column":8},"end":{"line":46,"column":57}},"23":{"start":{"line":49,"column":31},"end":{"line":49,"column":89}},"24":{"start":{"line":49,"column":68},"end":{"line":49,"column":88}},"25":{"start":{"line":50,"column":8},"end":{"line":53,"column":9}},"26":{"start":{"line":51,"column":12},"end":{"line":51,"column":96}},"27":{"start":{"line":51,"column":74},"end":{"line":51,"column":94}},"28":{"start":{"line":52,"column":12},"end":{"line":52,"column":66}},"29":{"start":{"line":56,"column":26},"end":{"line":56,"column":104}},"30":{"start":{"line":56,"column":65},"end":{"line":56,"column":103}},"31":{"start":{"line":57,"column":8},"end":{"line":57,"column":91}},"32":{"start":{"line":57,"column":37},"end":{"line":57,"column":89}},"33":{"start":{"line":60,"column":8},"end":{"line":65,"column":9}},"34":{"start":{"line":61,"column":12},"end":{"line":61,"column":99}},"35":{"start":{"line":61,"column":55},"end":{"line":61,"column":97}},"36":{"start":{"line":64,"column":12},"end":{"line":64,"column":99}},"37":{"start":{"line":64,"column":55},"end":{"line":64,"column":97}},"38":{"start":{"line":68,"column":8},"end":{"line":73,"column":9}},"39":{"start":{"line":69,"column":12},"end":{"line":69,"column":116}},"40":{"start":{"line":69,"column":55},"end":{"line":69,"column":114}},"41":{"start":{"line":72,"column":12},"end":{"line":72,"column":116}},"42":{"start":{"line":72,"column":55},"end":{"line":72,"column":114}},"43":{"start":{"line":76,"column":8},"end":{"line":87,"column":9}},"44":{"start":{"line":77,"column":12},"end":{"line":80,"column":25}},"45":{"start":{"line":77,"column":55},"end":{"line":80,"column":23}},"46":{"start":{"line":83,"column":12},"end":{"line":86,"column":25}},"47":{"start":{"line":83,"column":55},"end":{"line":86,"column":23}},"48":{"start":{"line":90,"column":22},"end":{"line":90,"column":80}},"49":{"start":{"line":90,"column":59},"end":{"line":90,"column":79}},"50":{"start":{"line":91,"column":8},"end":{"line":121,"column":9}},"51":{"start":{"line":92,"column":35},"end":{"line":92,"column":60}},"52":{"start":{"line":93,"column":21},"end":{"line":93,"column":22}},"53":{"start":{"line":94,"column":27},"end":{"line":94,"column":28}},"54":{"start":{"line":95,"column":32},"end":{"line":95,"column":42}},"55":{"start":{"line":96,"column":32},"end":{"line":96,"column":42}},"56":{"start":{"line":97,"column":12},"end":{"line":107,"column":13}},"57":{"start":{"line":99,"column":20},"end":{"line":99,"column":67}},"58":{"start":{"line":100,"column":20},"end":{"line":100,"column":26}},"59":{"start":{"line":102,"column":20},"end":{"line":102,"column":69}},"60":{"start":{"line":103,"column":20},"end":{"line":103,"column":26}},"61":{"start":{"line":105,"column":20},"end":{"line":105,"column":75}},"62":{"start":{"line":106,"column":20},"end":{"line":106,"column":26}},"63":{"start":{"line":108,"column":12},"end":{"line":119,"column":15}},"64":{"start":{"line":109,"column":39},"end":{"line":109,"column":64}},"65":{"start":{"line":110,"column":16},"end":{"line":118,"column":17}},"66":{"start":{"line":111,"column":33},"end":{"line":113,"column":72}},"67":{"start":{"line":113,"column":40},"end":{"line":113,"column":71}},"68":{"start":{"line":114,"column":20},"end":{"line":117,"column":21}},"69":{"start":{"line":115,"column":24},"end":{"line":115,"column":53}},"70":{"start":{"line":116,"column":24},"end":{"line":116,"column":60}},"71":{"start":{"line":120,"column":12},"end":{"line":120,"column":50}},"72":{"start":{"line":122,"column":8},"end":{"line":122,"column":38}},"73":{"start":{"line":129,"column":22},"end":{"line":129,"column":80}},"74":{"start":{"line":129,"column":59},"end":{"line":129,"column":79}},"75":{"start":{"line":130,"column":8},"end":{"line":155,"column":9}},"76":{"start":{"line":131,"column":35},"end":{"line":131,"column":60}},"77":{"start":{"line":132,"column":29},"end":{"line":132,"column":53}},"78":{"start":{"line":133,"column":34},"end":{"line":133,"column":36}},"79":{"start":{"line":134,"column":12},"end":{"line":152,"column":15}},"80":{"start":{"line":135,"column":25},"end":{"line":135,"column":26}},"81":{"start":{"line":136,"column":31},"end":{"line":136,"column":32}},"82":{"start":{"line":137,"column":16},"end":{"line":147,"column":19}},"83":{"start":{"line":138,"column":20},"end":{"line":146,"column":21}},"84":{"start":{"line":139,"column":37},"end":{"line":141,"column":76}},"85":{"start":{"line":141,"column":44},"end":{"line":141,"column":75}},"86":{"start":{"line":142,"column":24},"end":{"line":145,"column":25}},"87":{"start":{"line":143,"column":28},"end":{"line":143,"column":57}},"88":{"start":{"line":144,"column":28},"end":{"line":144,"column":64}},"89":{"start":{"line":148,"column":16},"end":{"line":151,"column":19}},"90":{"start":{"line":153,"column":12},"end":{"line":153,"column":60}},"91":{"start":{"line":153,"column":41},"end":{"line":153,"column":58}},"92":{"start":{"line":154,"column":12},"end":{"line":154,"column":33}},"93":{"start":{"line":156,"column":8},"end":{"line":156,"column":18}},"94":{"start":{"line":160,"column":22},"end":{"line":160,"column":80}},"95":{"start":{"line":160,"column":59},"end":{"line":160,"column":79}},"96":{"start":{"line":161,"column":8},"end":{"line":176,"column":9}},"97":{"start":{"line":162,"column":35},"end":{"line":162,"column":60}},"98":{"start":{"line":163,"column":26},"end":{"line":163,"column":28}},"99":{"start":{"line":164,"column":12},"end":{"line":172,"column":15}},"100":{"start":{"line":165,"column":29},"end":{"line":165,"column":79}},"101":{"start":{"line":165,"column":50},"end":{"line":165,"column":78}},"102":{"start":{"line":166,"column":16},"end":{"line":171,"column":17}},"103":{"start":{"line":167,"column":20},"end":{"line":167,"column":38}},"104":{"start":{"line":170,"column":20},"end":{"line":170,"column":72}},"105":{"start":{"line":173,"column":12},"end":{"line":173,"column":62}},"106":{"start":{"line":173,"column":33},"end":{"line":173,"column":60}},"107":{"start":{"line":175,"column":12},"end":{"line":175,"column":37}},"108":{"start":{"line":177,"column":8},"end":{"line":177,"column":18}},"109":{"start":{"line":180,"column":8},"end":{"line":180,"column":74}},"110":{"start":{"line":180,"column":52},"end":{"line":180,"column":72}},"111":{"start":{"line":183,"column":21},"end":{"line":183,"column":77}},"112":{"start":{"line":185,"column":22},"end":{"line":185,"column":27}},"113":{"start":{"line":186,"column":25},"end":{"line":186,"column":54}},"114":{"start":{"line":187,"column":8},"end":{"line":187,"column":36}},"115":{"start":{"line":190,"column":0},"end":{"line":190,"column":42}}},"fnMap":{"0":{"name":"(anonymous_0)","decl":{"start":{"line":2,"column":56},"end":{"line":2,"column":57}},"loc":{"start":{"line":2,"column":71},"end":{"line":4,"column":1}},"line":2},"1":{"name":"(anonymous_1)","decl":{"start":{"line":14,"column":4},"end":{"line":14,"column":5}},"loc":{"start":{"line":14,"column":27},"end":{"line":22,"column":5}},"line":14},"2":{"name":"(anonymous_2)","decl":{"start":{"line":19,"column":28},"end":{"line":19,"column":29}},"loc":{"start":{"line":19,"column":38},"end":{"line":19,"column":154}},"line":19},"3":{"name":"(anonymous_3)","decl":{"start":{"line":23,"column":4},"end":{"line":23,"column":5}},"loc":{"start":{"line":23,"column":25},"end":{"line":25,"column":5}},"line":23},"4":{"name":"(anonymous_4)","decl":{"start":{"line":26,"column":4},"end":{"line":26,"column":5}},"loc":{"start":{"line":26,"column":40},"end":{"line":36,"column":5}},"line":26},"5":{"name":"(anonymous_5)","decl":{"start":{"line":27,"column":48},"end":{"line":27,"column":49}},"loc":{"start":{"line":27,"column":59},"end":{"line":27,"column":79}},"line":27},"6":{"name":"(anonymous_6)","decl":{"start":{"line":37,"column":4},"end":{"line":37,"column":5}},"loc":{"start":{"line":37,"column":20},"end":{"line":47,"column":5}},"line":37},"7":{"name":"(anonymous_7)","decl":{"start":{"line":48,"column":4},"end":{"line":48,"column":5}},"loc":{"start":{"line":48,"column":20},"end":{"line":54,"column":5}},"line":48},"8":{"name":"(anonymous_8)","decl":{"start":{"line":49,"column":57},"end":{"line":49,"column":58}},"loc":{"start":{"line":49,"column":68},"end":{"line":49,"column":88}},"line":49},"9":{"name":"(anonymous_9)","decl":{"start":{"line":51,"column":63},"end":{"line":51,"column":64}},"loc":{"start":{"line":51,"column":74},"end":{"line":51,"column":94}},"line":51},"10":{"name":"(anonymous_10)","decl":{"start":{"line":55,"column":4},"end":{"line":55,"column":5}},"loc":{"start":{"line":55,"column":25},"end":{"line":58,"column":5}},"line":55},"11":{"name":"(anonymous_11)","decl":{"start":{"line":56,"column":54},"end":{"line":56,"column":55}},"loc":{"start":{"line":56,"column":65},"end":{"line":56,"column":103}},"line":56},"12":{"name":"(anonymous_12)","decl":{"start":{"line":57,"column":26},"end":{"line":57,"column":27}},"loc":{"start":{"line":57,"column":37},"end":{"line":57,"column":89}},"line":57},"13":{"name":"(anonymous_13)","decl":{"start":{"line":59,"column":4},"end":{"line":59,"column":5}},"loc":{"start":{"line":59,"column":34},"end":{"line":66,"column":5}},"line":59},"14":{"name":"(anonymous_14)","decl":{"start":{"line":61,"column":45},"end":{"line":61,"column":46}},"loc":{"start":{"line":61,"column":55},"end":{"line":61,"column":97}},"line":61},"15":{"name":"(anonymous_15)","decl":{"start":{"line":64,"column":45},"end":{"line":64,"column":46}},"loc":{"start":{"line":64,"column":55},"end":{"line":64,"column":97}},"line":64},"16":{"name":"(anonymous_16)","decl":{"start":{"line":67,"column":4},"end":{"line":67,"column":5}},"loc":{"start":{"line":67,"column":41},"end":{"line":74,"column":5}},"line":67},"17":{"name":"(anonymous_17)","decl":{"start":{"line":69,"column":45},"end":{"line":69,"column":46}},"loc":{"start":{"line":69,"column":55},"end":{"line":69,"column":114}},"line":69},"18":{"name":"(anonymous_18)","decl":{"start":{"line":72,"column":45},"end":{"line":72,"column":46}},"loc":{"start":{"line":72,"column":55},"end":{"line":72,"column":114}},"line":72},"19":{"name":"(anonymous_19)","decl":{"start":{"line":75,"column":4},"end":{"line":75,"column":5}},"loc":{"start":{"line":75,"column":54},"end":{"line":88,"column":5}},"line":75},"20":{"name":"(anonymous_20)","decl":{"start":{"line":77,"column":45},"end":{"line":77,"column":46}},"loc":{"start":{"line":77,"column":55},"end":{"line":80,"column":23}},"line":77},"21":{"name":"(anonymous_21)","decl":{"start":{"line":83,"column":45},"end":{"line":83,"column":46}},"loc":{"start":{"line":83,"column":55},"end":{"line":86,"column":23}},"line":83},"22":{"name":"(anonymous_22)","decl":{"start":{"line":89,"column":4},"end":{"line":89,"column":5}},"loc":{"start":{"line":89,"column":61},"end":{"line":123,"column":5}},"line":89},"23":{"name":"(anonymous_23)","decl":{"start":{"line":90,"column":48},"end":{"line":90,"column":49}},"loc":{"start":{"line":90,"column":59},"end":{"line":90,"column":79}},"line":90},"24":{"name":"(anonymous_24)","decl":{"start":{"line":108,"column":36},"end":{"line":108,"column":37}},"loc":{"start":{"line":108,"column":51},"end":{"line":119,"column":13}},"line":108},"25":{"name":"(anonymous_25)","decl":{"start":{"line":113,"column":30},"end":{"line":113,"column":31}},"loc":{"start":{"line":113,"column":40},"end":{"line":113,"column":71}},"line":113},"26":{"name":"(anonymous_26)","decl":{"start":{"line":128,"column":4},"end":{"line":128,"column":5}},"loc":{"start":{"line":128,"column":55},"end":{"line":157,"column":5}},"line":128},"27":{"name":"(anonymous_27)","decl":{"start":{"line":129,"column":48},"end":{"line":129,"column":49}},"loc":{"start":{"line":129,"column":59},"end":{"line":129,"column":79}},"line":129},"28":{"name":"(anonymous_28)","decl":{"start":{"line":134,"column":30},"end":{"line":134,"column":31}},"loc":{"start":{"line":134,"column":43},"end":{"line":152,"column":13}},"line":134},"29":{"name":"(anonymous_29)","decl":{"start":{"line":137,"column":40},"end":{"line":137,"column":41}},"loc":{"start":{"line":137,"column":55},"end":{"line":147,"column":17}},"line":137},"30":{"name":"(anonymous_30)","decl":{"start":{"line":141,"column":34},"end":{"line":141,"column":35}},"loc":{"start":{"line":141,"column":44},"end":{"line":141,"column":75}},"line":141},"31":{"name":"(anonymous_31)","decl":{"start":{"line":153,"column":31},"end":{"line":153,"column":32}},"loc":{"start":{"line":153,"column":41},"end":{"line":153,"column":58}},"line":153},"32":{"name":"(anonymous_32)","decl":{"start":{"line":159,"column":4},"end":{"line":159,"column":5}},"loc":{"start":{"line":159,"column":42},"end":{"line":178,"column":5}},"line":159},"33":{"name":"(anonymous_33)","decl":{"start":{"line":160,"column":48},"end":{"line":160,"column":49}},"loc":{"start":{"line":160,"column":59},"end":{"line":160,"column":79}},"line":160},"34":{"name":"(anonymous_34)","decl":{"start":{"line":164,"column":36},"end":{"line":164,"column":37}},"loc":{"start":{"line":164,"column":51},"end":{"line":172,"column":13}},"line":164},"35":{"name":"(anonymous_35)","decl":{"start":{"line":165,"column":40},"end":{"line":165,"column":41}},"loc":{"start":{"line":165,"column":50},"end":{"line":165,"column":78}},"line":165},"36":{"name":"(anonymous_36)","decl":{"start":{"line":173,"column":23},"end":{"line":173,"column":24}},"loc":{"start":{"line":173,"column":33},"end":{"line":173,"column":60}},"line":173},"37":{"name":"(anonymous_37)","decl":{"start":{"line":179,"column":4},"end":{"line":179,"column":5}},"loc":{"start":{"line":179,"column":21},"end":{"line":181,"column":5}},"line":179},"38":{"name":"(anonymous_38)","decl":{"start":{"line":180,"column":41},"end":{"line":180,"column":42}},"loc":{"start":{"line":180,"column":52},"end":{"line":180,"column":72}},"line":180},"39":{"name":"(anonymous_39)","decl":{"start":{"line":182,"column":4},"end":{"line":182,"column":5}},"loc":{"start":{"line":182,"column":16},"end":{"line":188,"column":5}},"line":182}},"branchMap":{"0":{"loc":{"start":{"line":2,"column":22},"end":{"line":4,"column":1}},"type":"binary-expr","locations":[{"start":{"line":2,"column":23},"end":{"line":2,"column":27}},{"start":{"line":2,"column":31},"end":{"line":2,"column":51}},{"start":{"line":2,"column":56},"end":{"line":4,"column":1}}],"line":2},"1":{"loc":{"start":{"line":3,"column":11},"end":{"line":3,"column":61}},"type":"cond-expr","locations":[{"start":{"line":3,"column":37},"end":{"line":3,"column":40}},{"start":{"line":3,"column":43},"end":{"line":3,"column":61}}],"line":3},"2":{"loc":{"start":{"line":3,"column":12},"end":{"line":3,"column":33}},"type":"binary-expr","locations":[{"start":{"line":3,"column":12},"end":{"line":3,"column":15}},{"start":{"line":3,"column":19},"end":{"line":3,"column":33}}],"line":3},"3":{"loc":{"start":{"line":17,"column":8},"end":{"line":20,"column":9}},"type":"if","locations":[{"start":{"line":17,"column":8},"end":{"line":20,"column":9}},{"start":{"line":17,"column":8},"end":{"line":20,"column":9}}],"line":17},"4":{"loc":{"start":{"line":28,"column":8},"end":{"line":35,"column":9}},"type":"if","locations":[{"start":{"line":28,"column":8},"end":{"line":35,"column":9}},{"start":{"line":28,"column":8},"end":{"line":35,"column":9}}],"line":28},"5":{"loc":{"start":{"line":50,"column":8},"end":{"line":53,"column":9}},"type":"if","locations":[{"start":{"line":50,"column":8},"end":{"line":53,"column":9}},{"start":{"line":50,"column":8},"end":{"line":53,"column":9}}],"line":50},"6":{"loc":{"start":{"line":60,"column":8},"end":{"line":65,"column":9}},"type":"if","locations":[{"start":{"line":60,"column":8},"end":{"line":65,"column":9}},{"start":{"line":60,"column":8},"end":{"line":65,"column":9}}],"line":60},"7":{"loc":{"start":{"line":68,"column":8},"end":{"line":73,"column":9}},"type":"if","locations":[{"start":{"line":68,"column":8},"end":{"line":73,"column":9}},{"start":{"line":68,"column":8},"end":{"line":73,"column":9}}],"line":68},"8":{"loc":{"start":{"line":76,"column":8},"end":{"line":87,"column":9}},"type":"if","locations":[{"start":{"line":76,"column":8},"end":{"line":87,"column":9}},{"start":{"line":76,"column":8},"end":{"line":87,"column":9}}],"line":76},"9":{"loc":{"start":{"line":91,"column":8},"end":{"line":121,"column":9}},"type":"if","locations":[{"start":{"line":91,"column":8},"end":{"line":121,"column":9}},{"start":{"line":91,"column":8},"end":{"line":121,"column":9}}],"line":91},"10":{"loc":{"start":{"line":97,"column":12},"end":{"line":107,"column":13}},"type":"switch","locations":[{"start":{"line":98,"column":16},"end":{"line":100,"column":26}},{"start":{"line":101,"column":16},"end":{"line":103,"column":26}},{"start":{"line":104,"column":16},"end":{"line":106,"column":26}}],"line":97},"11":{"loc":{"start":{"line":110,"column":16},"end":{"line":118,"column":17}},"type":"if","locations":[{"start":{"line":110,"column":16},"end":{"line":118,"column":17}},{"start":{"line":110,"column":16},"end":{"line":118,"column":17}}],"line":110},"12":{"loc":{"start":{"line":110,"column":20},"end":{"line":110,"column":82}},"type":"binary-expr","locations":[{"start":{"line":110,"column":20},"end":{"line":110,"column":49}},{"start":{"line":110,"column":53},"end":{"line":110,"column":82}}],"line":110},"13":{"loc":{"start":{"line":114,"column":20},"end":{"line":117,"column":21}},"type":"if","locations":[{"start":{"line":114,"column":20},"end":{"line":117,"column":21}},{"start":{"line":114,"column":20},"end":{"line":117,"column":21}}],"line":114},"14":{"loc":{"start":{"line":130,"column":8},"end":{"line":155,"column":9}},"type":"if","locations":[{"start":{"line":130,"column":8},"end":{"line":155,"column":9}},{"start":{"line":130,"column":8},"end":{"line":155,"column":9}}],"line":130},"15":{"loc":{"start":{"line":138,"column":20},"end":{"line":146,"column":21}},"type":"if","locations":[{"start":{"line":138,"column":20},"end":{"line":146,"column":21}},{"start":{"line":138,"column":20},"end":{"line":146,"column":21}}],"line":138},"16":{"loc":{"start":{"line":142,"column":24},"end":{"line":145,"column":25}},"type":"if","locations":[{"start":{"line":142,"column":24},"end":{"line":145,"column":25}},{"start":{"line":142,"column":24},"end":{"line":145,"column":25}}],"line":142},"17":{"loc":{"start":{"line":150,"column":27},"end":{"line":150,"column":56}},"type":"cond-expr","locations":[{"start":{"line":150,"column":43},"end":{"line":150,"column":45}},{"start":{"line":150,"column":48},"end":{"line":150,"column":56}}],"line":150},"18":{"loc":{"start":{"line":161,"column":8},"end":{"line":176,"column":9}},"type":"if","locations":[{"start":{"line":161,"column":8},"end":{"line":176,"column":9}},{"start":{"line":161,"column":8},"end":{"line":176,"column":9}}],"line":161},"19":{"loc":{"start":{"line":166,"column":16},"end":{"line":171,"column":17}},"type":"if","locations":[{"start":{"line":166,"column":16},"end":{"line":171,"column":17}},{"start":{"line":166,"column":16},"end":{"line":171,"column":17}}],"line":166}},"s":{"0":1,"1":2,"2":1,"3":1,"4":1,"5":1,"6":1,"7":1,"8":1,"9":1,"10":1,"11":1,"12":5,"13":1,"14":3,"15":0,"16":0,"17":0,"18":0,"19":0,"20":1,"21":1,"22":1,"23":1,"24":6,"25":1,"26":1,"27":6,"28":1,"29":0,"30":0,"31":0,"32":0,"33":0,"34":0,"35":0,"36":0,"37":0,"38":0,"39":0,"40":0,"41":0,"42":0,"43":0,"44":0,"45":0,"46":0,"47":0,"48":1,"49":1,"50":1,"51":1,"52":1,"53":1,"54":1,"55":1,"56":1,"57":0,"58":0,"59":1,"60":1,"61":0,"62":0,"63":1,"64":2,"65":2,"66":2,"67":4,"68":2,"69":2,"70":2,"71":1,"72":0,"73":1,"74":1,"75":1,"76":1,"77":1,"78":1,"79":1,"80":2,"81":2,"82":2,"83":4,"84":3,"85":6,"86":3,"87":3,"88":3,"89":2,"90":1,"91":1,"92":1,"93":0,"94":1,"95":2,"96":1,"97":1,"98":1,"99":1,"100":5,"101":6,"102":5,"103":2,"104":3,"105":1,"106":2,"107":1,"108":0,"109":0,"110":0,"111":0,"112":0,"113":0,"114":0,"115":1},"f":{"0":2,"1":1,"2":5,"3":3,"4":0,"5":0,"6":1,"7":1,"8":6,"9":6,"10":0,"11":0,"12":0,"13":0,"14":0,"15":0,"16":0,"17":0,"18":0,"19":0,"20":0,"21":0,"22":1,"23":1,"24":2,"25":4,"26":1,"27":1,"28":2,"29":4,"30":6,"31":1,"32":1,"33":2,"34":5,"35":6,"36":2,"37":0,"38":0,"39":0},"b":{"0":[1,1,1],"1":[0,2],"2":[2,2],"3":[1,0],"4":[0,0],"5":[1,0],"6":[0,0],"7":[0,0],"8":[0,0],"9":[1,0],"10":[0,1,0],"11":[2,0],"12":[2,2],"13":[2,0],"14":[1,0],"15":[3,1],"16":[3,0],"17":[2,0],"18":[1,0],"19":[2,3]},"inputSourceMap":{"version":3,"file":"/home/usuario/p7/ull-esit-inf-dsi-22-23-prct07-destravate-datamodel-grupof/src/collections/grupoCollection.ts","sources":["/home/usuario/p7/ull-esit-inf-dsi-22-23-prct07-destravate-datamodel-grupof/src/collections/grupoCollection.ts"],"names":[],"mappings":";;;;;;AAAA,4CAAwC;AAExC,kDAA0B;AAC1B,uEAA+C;AAI/C,MAAa,eAAe;IAIP;IAHX,eAAe,CAAU;IACzB,QAAQ,CAA+B;IAE/C,YAAmB,SAAkB;QAAlB,cAAS,GAAT,SAAS,CAAS;QACnC,IAAI,CAAC,QAAQ,GAAG,IAAA,eAAK,EAAC,IAAI,kBAAQ,CAAC,8BAA8B,CAAC,CAAC,CAAC;QACpE,IAAI,IAAI,CAAC,QAAQ,CAAC,GAAG,CAAC,OAAO,CAAC,CAAC,KAAK,EAAE,EAAE;YACtC,MAAM,OAAO,GAAG,IAAI,CAAC,QAAQ,CAAC,GAAG,CAAC,OAAO,CAAC,CAAC,KAAK,EAAE,CAAC;YACnD,OAAO,CAAC,OAAO,CAAC,CAAC,IAAI,EAAE,EAAE,CACvB,IAAI,CAAC,SAAS,CAAC,IAAI,CACjB,IAAI,cAAK,CACP,IAAI,CAAC,EAAE,EACP,IAAI,CAAC,MAAM,EACX,IAAI,CAAC,aAAa,EAClB,IAAI,CAAC,cAAc,EACnB,IAAI,CAAC,OAAO,CACb,CACF,CACF,CAAC;SACH;QACD,IAAI,CAAC,eAAe,GAAG,SAAS,CAAC;IACnC,CAAC;IAEM,kBAAkB;QACvB,OAAO,IAAI,CAAC,eAAe,CAAC;IAC9B,CAAC;IAEM,eAAe,CAAC,EAAU,EAAE,cAAsB;QACvD,MAAM,KAAK,GAAG,IAAI,CAAC,eAAe,CAAC,IAAI,CAAC,CAAC,KAAK,EAAE,EAAE,CAAC,KAAK,CAAC,KAAK,EAAE,KAAK,EAAE,CAAC,CAAC;QACzE,IAAI,KAAK,EAAE;YACT,KAAK,CAAC,eAAe,CAAC,cAAc,CAAC,CAAC;YACtC,IAAI,CAAC,QAAQ;iBACV,GAAG,CAAC,OAAO,CAAC;iBACZ,IAAI,CAAC,EAAE,EAAE,EAAE,EAAE,EAAE,CAAC;iBAChB,MAAM,CAAC,EAAE,aAAa,EAAE,KAAK,CAAC,gBAAgB,EAAE,EAAE,CAAC;iBACnD,KAAK,EAAE,CAAC;SACZ;IACH,CAAC;IAEM,QAAQ,CAAC,KAAY;QAC1B,IAAI,CAAC,eAAe,CAAC,IAAI,CAAC,KAAK,CAAC,CAAC;QACjC,MAAM,OAAO,GAAG;YACd,EAAE,EAAE,KAAK,CAAC,KAAK,EAAE;YACjB,MAAM,EAAE,KAAK,CAAC,SAAS,EAAE;YACzB,aAAa,EAAE,KAAK,CAAC,gBAAgB,EAAE;YACvC,cAAc,EAAE,KAAK,CAAC,iBAAiB,EAAE;YACzC,OAAO,EAAE,KAAK,CAAC,UAAU,EAAE;SAC5B,CAAC;QACF,IAAI,CAAC,QAAQ,CAAC,GAAG,CAAC,OAAO,CAAC,CAAC,IAAI,CAAC,OAAO,CAAC,CAAC,KAAK,EAAE,CAAC;IACnD,CAAC;IAEM,WAAW,CAAC,EAAU;QAC3B,MAAM,cAAc,GAAG,IAAI,CAAC,eAAe,CAAC,IAAI,CAC9C,CAAC,KAAK,EAAE,EAAE,CAAC,KAAK,CAAC,KAAK,EAAE,KAAK,EAAE,CAChC,CAAC;QACF,IAAI,cAAc,EAAE;YAClB,IAAI,CAAC,eAAe,GAAG,IAAI,CAAC,eAAe,CAAC,MAAM,CAChD,CAAC,KAAK,EAAE,EAAE,CAAC,KAAK,CAAC,KAAK,EAAE,KAAK,EAAE,CAChC,CAAC;YACF,IAAI,CAAC,QAAQ,CAAC,GAAG,CAAC,OAAO,CAAC,CAAC,MAAM,CAAC,EAAE,EAAE,EAAE,EAAE,EAAE,CAAC,CAAC,KAAK,EAAE,CAAC;SACvD;IACH,CAAC;IAEM,gBAAgB,CAAC,EAAU;QAChC,MAAM,SAAS,GAAG,IAAI,CAAC,eAAe,CAAC,MAAM,CAAC,CAAC,KAAK,EAAE,EAAE,CACtD,KAAK,CAAC,gBAAgB,EAAE,EAAE,QAAQ,CAAC,EAAE,CAAC,CACvC,CAAC;QACF,SAAS,CAAC,OAAO,CAAC,CAAC,KAAK,EAAE,EAAE,CAC1B,OAAO,CAAC,GAAG,CAAC,KAAK,CAAC,KAAK,EAAE,GAAG,GAAG,GAAG,KAAK,CAAC,SAAS,EAAE,CAAC,CACrD,CAAC;IACJ,CAAC;IAEM,sBAAsB,CAAC,KAAmC;QAC/D,IAAI,KAAK,KAAK,YAAY,EAAE;YAC1B,OAAO,IAAI,CAAC,eAAe,CAAC,IAAI,CAAC,CAAC,CAAC,EAAE,CAAC,EAAE,EAAE,CACxC,CAAC,CAAC,SAAS,EAAE,CAAC,aAAa,CAAC,CAAC,CAAC,SAAS,EAAE,CAAC,CAC3C,CAAC;SACH;aAAM;YACL,OAAO,IAAI,CAAC,eAAe,CAAC,IAAI,CAAC,CAAC,CAAC,EAAE,CAAC,EAAE,EAAE,CACxC,CAAC,CAAC,SAAS,EAAE,CAAC,aAAa,CAAC,CAAC,CAAC,SAAS,EAAE,CAAC,CAC3C,CAAC;SACH;IACH,CAAC;IAEM,6BAA6B,CAClC,KAAmC;QAEnC,IAAI,KAAK,KAAK,aAAa,EAAE;YAC3B,OAAO,IAAI,CAAC,eAAe,CAAC,IAAI,CAC9B,CAAC,CAAC,EAAE,CAAC,EAAE,EAAE,CAAC,CAAC,CAAC,gBAAgB,EAAE,EAAE,MAAM,GAAG,CAAC,CAAC,gBAAgB,EAAE,EAAE,MAAM,CACtE,CAAC;SACH;aAAM;YACL,OAAO,IAAI,CAAC,eAAe,CAAC,IAAI,CAC9B,CAAC,CAAC,EAAE,CAAC,EAAE,EAAE,CAAC,CAAC,CAAC,gBAAgB,EAAE,EAAE,MAAM,GAAG,CAAC,CAAC,gBAAgB,EAAE,EAAE,MAAM,CACtE,CAAC;SACH;IACH,CAAC;IAEM,kBAAkB,CACvB,cAA8B,EAC9B,MAAgC,EAChC,KAAmC;QAEnC,IAAI,KAAK,KAAK,YAAY,EAAE;YAC1B,OAAO,IAAI,CAAC,eAAe,CAAC,IAAI,CAC9B,CAAC,CAAC,EAAE,CAAC,EAAE,EAAE,CACP,IAAI,CAAC,4BAA4B,CAAC,cAAc,EAAE,CAAC,CAAC,KAAK,EAAE,EAAE,MAAM,CAAC;iBACjE,EAAE;gBACL,IAAI,CAAC,4BAA4B,CAAC,cAAc,EAAE,CAAC,CAAC,KAAK,EAAE,EAAE,MAAM,CAAC;qBACjE,EAAE,CACR,CAAC;SACH;aAAM;YACL,OAAO,IAAI,CAAC,eAAe,CAAC,IAAI,CAC9B,CAAC,CAAC,EAAE,CAAC,EAAE,EAAE,CACP,IAAI,CAAC,4BAA4B,CAAC,cAAc,EAAE,CAAC,CAAC,KAAK,EAAE,EAAE,MAAM,CAAC;iBACjE,EAAE;gBACL,IAAI,CAAC,4BAA4B,CAAC,cAAc,EAAE,CAAC,CAAC,KAAK,EAAE,EAAE,MAAM,CAAC;qBACjE,EAAE,CACR,CAAC;SACH;IACH,CAAC;IAEM,4BAA4B,CACjC,cAA8B,EAC9B,EAAU,EACV,MAAgC;QAEhC,MAAM,KAAK,GAAG,IAAI,CAAC,eAAe,CAAC,IAAI,CAAC,CAAC,KAAK,EAAE,EAAE,CAAC,KAAK,CAAC,KAAK,EAAE,KAAK,EAAE,CAAC,CAAC;QACzE,IAAI,KAAK,EAAE;YACT,MAAM,cAAc,GAAG,KAAK,CAAC,iBAAiB,EAAE,CAAC;YACjD,IAAI,EAAE,GAAG,CAAC,CAAC;YACX,IAAI,QAAQ,GAAG,CAAC,CAAC;YACjB,MAAM,WAAW,GAAG,IAAI,IAAI,EAAE,CAAC;YAC/B,MAAM,WAAW,GAAG,IAAI,IAAI,EAAE,CAAC;YAC/B,QAAQ,MAAM,EAAE;gBACd,KAAK,QAAQ;oBACX,WAAW,CAAC,OAAO,CAAC,WAAW,CAAC,OAAO,EAAE,GAAG,CAAC,CAAC,CAAC;oBAC/C,MAAM;gBACR,KAAK,KAAK;oBACR,WAAW,CAAC,QAAQ,CAAC,WAAW,CAAC,QAAQ,EAAE,GAAG,CAAC,CAAC,CAAC;oBACjD,MAAM;gBACR,KAAK,KAAK;oBACR,WAAW,CAAC,WAAW,CAAC,WAAW,CAAC,WAAW,EAAE,GAAG,CAAC,CAAC,CAAC;oBACvD,MAAM;aACT;YACD,cAAc,EAAE,OAAO,CAAC,CAAC,SAAS,EAAE,EAAE;gBACpC,MAAM,cAAc,GAAG,IAAI,IAAI,CAAC,SAAS,CAAC,KAAK,CAAC,CAAC;gBACjD,IAAI,cAAc,IAAI,WAAW,IAAI,cAAc,IAAI,WAAW,EAAE;oBAClE,MAAM,IAAI,GAAG,cAAc;yBACxB,iBAAiB,EAAE;yBACnB,IAAI,CAAC,CAAC,IAAI,EAAE,EAAE,CAAC,IAAI,CAAC,KAAK,EAAE,KAAK,SAAS,CAAC,IAAI,CAAC,CAAC;oBACnD,IAAI,IAAI,EAAE;wBACR,EAAE,IAAI,IAAI,CAAC,eAAe,EAAE,CAAC;wBAC7B,QAAQ,IAAI,IAAI,CAAC,gBAAgB,EAAE,CAAC;qBACrC;iBACF;YACH,CAAC,CAAC,CAAC;YAEH,OAAO,EAAE,EAAE,EAAE,EAAE,EAAE,QAAQ,EAAE,QAAQ,EAAE,CAAC;SACvC;QACD,OAAO,EAAE,EAAE,EAAE,CAAC,EAAE,QAAQ,EAAE,CAAC,EAAE,CAAC;IAChC,CAAC;IAED;;;IAGA;IAEO,wBAAwB,CAC7B,cAA8B,EAC9B,EAAU,EACV,IAAuB;QAEvB,MAAM,KAAK,GAAG,IAAI,CAAC,eAAe,CAAC,IAAI,CAAC,CAAC,KAAK,EAAE,EAAE,CAAC,KAAK,CAAC,KAAK,EAAE,KAAK,EAAE,CAAC,CAAC;QACzE,IAAI,KAAK,EAAE;YACT,MAAM,cAAc,GAAG,KAAK,CAAC,iBAAiB,EAAE,CAAC;YACjD,MAAM,QAAQ,GAAG,KAAK,CAAC,gBAAgB,EAAE,CAAC;YAC1C,MAAM,aAAa,GAAyC,EAAE,CAAC;YAC/D,QAAQ,EAAE,OAAO,CAAC,CAAC,OAAO,EAAE,EAAE;gBAC5B,IAAI,EAAE,GAAG,CAAC,CAAC;gBACX,IAAI,QAAQ,GAAG,CAAC,CAAC;gBACjB,cAAc,EAAE,OAAO,CAAC,CAAC,SAAS,EAAE,EAAE;oBACpC,IAAI,SAAS,CAAC,QAAQ,CAAC,QAAQ,CAAC,OAAO,CAAC,EAAE;wBACxC,MAAM,IAAI,GAAG,cAAc;6BACxB,iBAAiB,EAAE;6BACnB,IAAI,CAAC,CAAC,IAAI,EAAE,EAAE,CAAC,IAAI,CAAC,KAAK,EAAE,KAAK,SAAS,CAAC,IAAI,CAAC,CAAC;wBACnD,IAAI,IAAI,EAAE;4BACR,EAAE,IAAI,IAAI,CAAC,eAAe,EAAE,CAAC;4BAC7B,QAAQ,IAAI,IAAI,CAAC,gBAAgB,EAAE,CAAC;yBACrC;qBACF;gBACH,CAAC,CAAC,CAAC;gBACH,aAAa,CAAC,IAAI,CAAC;oBACjB,OAAO,EAAE,OAAO;oBAChB,KAAK,EAAE,IAAI,KAAK,IAAI,CAAC,CAAC,CAAC,EAAE,CAAC,CAAC,CAAC,QAAQ;iBACrC,CAAC,CAAC;YACL,CAAC,CAAC,CAAC;YACH,aAAa,CAAC,IAAI,CAAC,CAAC,CAAC,EAAE,CAAC,EAAE,EAAE,CAAC,CAAC,CAAC,KAAK,GAAG,CAAC,CAAC,KAAK,CAAC,CAAC;YAChD,OAAO,aAAa,CAAC;SACtB;QACD,OAAO,EAAE,CAAC;IACZ,CAAC;IAED,2HAA2H;IACpH,iBAAiB,CACtB,cAA8B,EAC9B,EAAU;QAEV,MAAM,KAAK,GAAG,IAAI,CAAC,eAAe,CAAC,IAAI,CAAC,CAAC,KAAK,EAAE,EAAE,CAAC,KAAK,CAAC,KAAK,EAAE,KAAK,EAAE,CAAC,CAAC;QACzE,IAAI,KAAK,EAAE;YACT,MAAM,cAAc,GAAG,KAAK,CAAC,iBAAiB,EAAE,CAAC;YACjD,MAAM,KAAK,GAA2C,EAAE,CAAC;YACzD,cAAc,EAAE,OAAO,CAAC,CAAC,SAAS,EAAE,EAAE;gBACpC,MAAM,IAAI,GAAG,KAAK,CAAC,IAAI,CAAC,CAAC,IAAI,EAAE,EAAE,CAAC,IAAI,CAAC,IAAI,KAAK,SAAS,CAAC,IAAI,CAAC,CAAC;gBAChE,IAAI,IAAI,EAAE;oBACR,IAAI,CAAC,UAAU,EAAE,CAAC;iBACnB;qBAAM;oBACL,KAAK,CAAC,IAAI,CAAC,EAAE,IAAI,EAAE,SAAS,CAAC,IAAI,EAAE,UAAU,EAAE,CAAC,EAAE,CAAC,CAAC;iBACrD;YACH,CAAC,CAAC,CAAC;YACH,KAAK,CAAC,IAAI,CAAC,CAAC,CAAC,EAAE,CAAC,EAAE,EAAE,CAAC,CAAC,CAAC,UAAU,GAAG,CAAC,CAAC,UAAU,CAAC,CAAC;YAClD,iCAAiC;YACjC,OAAO,KAAK,CAAC,KAAK,CAAC,CAAC,EAAE,CAAC,CAAC,CAAC;SAC1B;QACD,OAAO,EAAE,CAAC;IACZ,CAAC;IAED,YAAY,CAAC,EAAU;QACrB,OAAO,IAAI,CAAC,eAAe,CAAC,IAAI,CAAC,CAAC,KAAK,EAAE,EAAE,CAAC,KAAK,CAAC,KAAK,EAAE,KAAK,EAAE,CAAC,CAAC;IACpE,CAAC;IAED,SAAS;QACP,MAAM,IAAI,GAAG,IAAI,CAAC,eAAe,CAAC,IAAI,CAAC,eAAe,CAAC,MAAM,GAAG,CAAC,CAAC,CAAC,EAAE,CAAC;QACtE,oDAAoD;QACpD,MAAM,KAAK,GAAG,KAAK,CAAC;QACpB,MAAM,QAAQ,GAAG,QAAQ,CAAC,KAAK,CAAC,IAAI,CAAC,IAAI,CAAE,CAAC,CAAC,CAAC,CAAC,CAAC;QAChD,OAAO,GAAG,GAAG,CAAC,QAAQ,GAAG,CAAC,CAAC,CAAC;IAC9B,CAAC;CACF;AA9OD,0CA8OC","sourcesContent":["import { grupo } from \"../types/grupos\";\nimport { grupoSchema } from \"../schemas/grupoSchema\";\nimport lowdb from \"lowdb\";\nimport FileSync from \"lowdb/adapters/FileSync\";\n\nimport { rutaCollection } from \"../collections/rutaCollection\";\n\nexport class grupoCollection {\n  private coleccionGrupos: grupo[];\n  private database: lowdb.LowdbSync<grupoSchema>;\n\n  constructor(public coleccion: grupo[]) {\n    this.database = lowdb(new FileSync(\"src/databases/db_grupos.json\"));\n    if (this.database.has(\"grupo\").value()) {\n      const dbItems = this.database.get(\"grupo\").value();\n      dbItems.forEach((item) =>\n        this.coleccion.push(\n          new grupo(\n            item.id,\n            item.nombre,\n            item.participantes,\n            item.historicoRutas,\n            item.creador\n          )\n        )\n      );\n    }\n    this.coleccionGrupos = coleccion;\n  }\n\n  public getColeccionGrupos(): grupo[] {\n    return this.coleccionGrupos;\n  }\n\n  public addParticipante(id: string, idParticipante: string) {\n    const grupo = this.coleccionGrupos.find((grupo) => grupo.getId() === id);\n    if (grupo) {\n      grupo.addParticipante(idParticipante);\n      this.database\n        .get(\"grupo\")\n        .find({ id: id })\n        .assign({ participantes: grupo.getParticipantes() })\n        .write();\n    }\n  }\n\n  public addGrupo(grupo: grupo) {\n    this.coleccionGrupos.push(grupo);\n    const dbGrupo = {\n      id: grupo.getId(),\n      nombre: grupo.getNombre(),\n      participantes: grupo.getParticipantes(),\n      historicoRutas: grupo.getHistoricoRutas(),\n      creador: grupo.getCreador(),\n    };\n    this.database.get(\"grupo\").push(dbGrupo).write();\n  }\n\n  public removeGrupo(id: string) {\n    const grupoAEliminar = this.coleccionGrupos.find(\n      (grupo) => grupo.getId() === id\n    );\n    if (grupoAEliminar) {\n      this.coleccionGrupos = this.coleccionGrupos.filter(\n        (grupo) => grupo.getId() !== id\n      );\n      this.database.get(\"grupo\").remove({ id: id }).write();\n    }\n  }\n\n  public getGruposUsuario(id: string): void {\n    const misGrupos = this.coleccionGrupos.filter((grupo) =>\n      grupo.getParticipantes()?.includes(id)\n    );\n    misGrupos.forEach((grupo) =>\n      console.log(grupo.getId() + \" \" + grupo.getNombre())\n    );\n  }\n\n  public ordenarGruposPorNombre(orden: \"ascendente\" | \"descendente\"): grupo[] {\n    if (orden === \"ascendente\") {\n      return this.coleccionGrupos.sort((a, b) =>\n        a.getNombre().localeCompare(b.getNombre())\n      );\n    } else {\n      return this.coleccionGrupos.sort((a, b) =>\n        b.getNombre().localeCompare(a.getNombre())\n      );\n    }\n  }\n\n  public ordenarGruposPorParticipantes(\n    orden: \"ascendente\" | \"descendente\"\n  ): grupo[] {\n    if (orden === \"descendente\") {\n      return this.coleccionGrupos.sort(\n        (a, b) => a.getParticipantes()?.length - b.getParticipantes()?.length\n      );\n    } else {\n      return this.coleccionGrupos.sort(\n        (a, b) => b.getParticipantes()?.length - a.getParticipantes()?.length\n      );\n    }\n  }\n\n  public ordenarGruposPorKm(\n    coleccionRutas: rutaCollection,\n    tiempo: \"semana\" | \"mes\" | \"año\",\n    orden: \"ascendente\" | \"descendente\"\n  ) {\n    if (orden === \"ascendente\") {\n      return this.coleccionGrupos.sort(\n        (a, b) =>\n          this.getEstadisticasEntrenamiento(coleccionRutas, a.getId(), tiempo)\n            .km -\n          this.getEstadisticasEntrenamiento(coleccionRutas, b.getId(), tiempo)\n            .km\n      );\n    } else {\n      return this.coleccionGrupos.sort(\n        (a, b) =>\n          this.getEstadisticasEntrenamiento(coleccionRutas, b.getId(), tiempo)\n            .km -\n          this.getEstadisticasEntrenamiento(coleccionRutas, a.getId(), tiempo)\n            .km\n      );\n    }\n  }\n\n  public getEstadisticasEntrenamiento(\n    coleccionRutas: rutaCollection,\n    id: string,\n    tiempo: \"semana\" | \"mes\" | \"año\"\n  ): { km: number; desnivel: number } {\n    const grupo = this.coleccionGrupos.find((grupo) => grupo.getId() === id);\n    if (grupo) {\n      const historicoRutas = grupo.getHistoricoRutas();\n      let km = 0;\n      let desnivel = 0;\n      const fechaActual = new Date();\n      const fechaInicio = new Date();\n      switch (tiempo) {\n        case \"semana\":\n          fechaInicio.setDate(fechaInicio.getDate() - 7);\n          break;\n        case \"mes\":\n          fechaInicio.setMonth(fechaInicio.getMonth() - 1);\n          break;\n        case \"año\":\n          fechaInicio.setFullYear(fechaInicio.getFullYear() - 1);\n          break;\n      }\n      historicoRutas?.forEach((historico) => {\n        const historicoFecha = new Date(historico.fecha);\n        if (historicoFecha >= fechaInicio && historicoFecha <= fechaActual) {\n          const ruta = coleccionRutas\n            .getColeccionRutas()\n            .find((ruta) => ruta.getId() === historico.ruta);\n          if (ruta) {\n            km += ruta.getLongitudRuta();\n            desnivel += ruta.getDesnivelMedio();\n          }\n        }\n      });\n\n      return { km: km, desnivel: desnivel };\n    }\n    return { km: 0, desnivel: 0 };\n  }\n\n  /*\nClasificación de los usuarios: Ranking de los usuarios que más entrenamientos han realizado históricamente dentro del grupo\n, es decir, ordenar los usuarios por la cantidad de km totales o desnivel total que han acumulado.\n*/\n\n  public getClasificacionUsuarios(\n    coleccionRutas: rutaCollection,\n    id: string,\n    tipo: \"km\" | \"desnivel\"\n  ): { usuario: string; valor: number }[] {\n    const grupo = this.coleccionGrupos.find((grupo) => grupo.getId() === id);\n    if (grupo) {\n      const historicoRutas = grupo.getHistoricoRutas();\n      const usuarios = grupo.getParticipantes();\n      const clasificacion: { usuario: string; valor: number }[] = [];\n      usuarios?.forEach((usuario) => {\n        let km = 0;\n        let desnivel = 0;\n        historicoRutas?.forEach((historico) => {\n          if (historico.usuarios.includes(usuario)) {\n            const ruta = coleccionRutas\n              .getColeccionRutas()\n              .find((ruta) => ruta.getId() === historico.ruta);\n            if (ruta) {\n              km += ruta.getLongitudRuta();\n              desnivel += ruta.getDesnivelMedio();\n            }\n          }\n        });\n        clasificacion.push({\n          usuario: usuario,\n          valor: tipo === \"km\" ? km : desnivel,\n        });\n      });\n      clasificacion.sort((a, b) => b.valor - a.valor);\n      return clasificacion;\n    }\n    return [];\n  }\n\n  // Rutas favoritas del grupo: Rutas que los usuarios del grupo han realizado con mayor frecuencia en sus salidas conjuntas.\n  public getRutasFavoritas(\n    coleccionRutas: rutaCollection,\n    id: string\n  ): { ruta: string; frecuencia: number }[] {\n    const grupo = this.coleccionGrupos.find((grupo) => grupo.getId() === id);\n    if (grupo) {\n      const historicoRutas = grupo.getHistoricoRutas();\n      const rutas: { ruta: string; frecuencia: number }[] = [];\n      historicoRutas?.forEach((historico) => {\n        const ruta = rutas.find((ruta) => ruta.ruta === historico.ruta);\n        if (ruta) {\n          ruta.frecuencia++;\n        } else {\n          rutas.push({ ruta: historico.ruta, frecuencia: 1 });\n        }\n      });\n      rutas.sort((a, b) => b.frecuencia - a.frecuencia);\n      // Solo devolvemos las 3 primeras\n      return rutas.slice(0, 3);\n    }\n    return [];\n  }\n\n  getGrupoById(id: string): grupo | undefined {\n    return this.coleccionGrupos.find((grupo) => grupo.getId() === id);\n  }\n\n  getNextId(): string {\n    const last = this.coleccionGrupos[this.coleccionGrupos.length - 1].id;\n    // expresion regular para extraer el numero de la id\n    const regex = /\\d+/;\n    const idNumber = parseInt(regex.exec(last)![0]);\n    return \"G\" + (idNumber + 1);\n  }\n}\n"]},"_coverageSchema":"1a1c01bbd47fc00a2c39e90264f33305004495a9","hash":"9b1255fd2b15da6f0fa08ac2c1e5ba350c76fdcb","contentHash":"9502131c2e3b7e4d6dcc4af56447dbf8450ad81f705be85d7abad91663b03802"},"/home/usuario/p7/ull-esit-inf-dsi-22-23-prct07-destravate-datamodel-grupof/src/collections/rutaCollection.ts":{"path":"/home/usuario/p7/ull-esit-inf-dsi-22-23-prct07-destravate-datamodel-grupof/src/collections/rutaCollection.ts","statementMap":{"0":{"start":{"line":2,"column":22},"end":{"line":4,"column":1}},"1":{"start":{"line":3,"column":4},"end":{"line":3,"column":62}},"2":{"start":{"line":5,"column":0},"end":{"line":5,"column":62}},"3":{"start":{"line":6,"column":0},"end":{"line":6,"column":32}},"4":{"start":{"line":7,"column":16},"end":{"line":7,"column":41}},"5":{"start":{"line":8,"column":16},"end":{"line":8,"column":49}},"6":{"start":{"line":9,"column":19},"end":{"line":9,"column":70}},"7":{"start":{"line":23,"column":8},"end":{"line":23,"column":35}},"8":{"start":{"line":24,"column":8},"end":{"line":24,"column":100}},"9":{"start":{"line":25,"column":8},"end":{"line":25,"column":111}},"10":{"start":{"line":26,"column":8},"end":{"line":29,"column":9}},"11":{"start":{"line":27,"column":28},"end":{"line":27,"column":61}},"12":{"start":{"line":28,"column":12},"end":{"line":28,"column":229}},"13":{"start":{"line":28,"column":38},"end":{"line":28,"column":227}},"14":{"start":{"line":30,"column":8},"end":{"line":30,"column":40}},"15":{"start":{"line":33,"column":8},"end":{"line":33,"column":35}},"16":{"start":{"line":36,"column":8},"end":{"line":36,"column":39}},"17":{"start":{"line":37,"column":23},"end":{"line":46,"column":9}},"18":{"start":{"line":47,"column":8},"end":{"line":47,"column":55}},"19":{"start":{"line":50,"column":30},"end":{"line":50,"column":85}},"20":{"start":{"line":50,"column":65},"end":{"line":50,"column":84}},"21":{"start":{"line":51,"column":8},"end":{"line":54,"column":9}},"22":{"start":{"line":52,"column":12},"end":{"line":52,"column":92}},"23":{"start":{"line":52,"column":71},"end":{"line":52,"column":90}},"24":{"start":{"line":53,"column":12},"end":{"line":53,"column":65}},"25":{"start":{"line":58,"column":8},"end":{"line":63,"column":9}},"26":{"start":{"line":59,"column":12},"end":{"line":59,"column":98}},"27":{"start":{"line":59,"column":54},"end":{"line":59,"column":96}},"28":{"start":{"line":62,"column":12},"end":{"line":62,"column":98}},"29":{"start":{"line":62,"column":54},"end":{"line":62,"column":96}},"30":{"start":{"line":67,"column":8},"end":{"line":74,"column":9}},"31":{"start":{"line":68,"column":12},"end":{"line":69,"column":82}},"32":{"start":{"line":68,"column":54},"end":{"line":69,"column":80}},"33":{"start":{"line":72,"column":12},"end":{"line":73,"column":84}},"34":{"start":{"line":72,"column":54},"end":{"line":73,"column":82}},"35":{"start":{"line":78,"column":8},"end":{"line":83,"column":9}},"36":{"start":{"line":79,"column":12},"end":{"line":79,"column":97}},"37":{"start":{"line":79,"column":54},"end":{"line":79,"column":95}},"38":{"start":{"line":82,"column":12},"end":{"line":82,"column":97}},"39":{"start":{"line":82,"column":54},"end":{"line":82,"column":95}},"40":{"start":{"line":86,"column":8},"end":{"line":91,"column":9}},"41":{"start":{"line":87,"column":12},"end":{"line":87,"column":107}},"42":{"start":{"line":87,"column":54},"end":{"line":87,"column":105}},"43":{"start":{"line":90,"column":12},"end":{"line":90,"column":107}},"44":{"start":{"line":90,"column":54},"end":{"line":90,"column":105}},"45":{"start":{"line":95,"column":8},"end":{"line":100,"column":9}},"46":{"start":{"line":96,"column":12},"end":{"line":96,"column":95}},"47":{"start":{"line":96,"column":56},"end":{"line":96,"column":93}},"48":{"start":{"line":99,"column":12},"end":{"line":99,"column":22}},"49":{"start":{"line":103,"column":21},"end":{"line":103,"column":76}},"50":{"start":{"line":103,"column":56},"end":{"line":103,"column":75}},"51":{"start":{"line":104,"column":8},"end":{"line":117,"column":9}},"52":{"start":{"line":105,"column":12},"end":{"line":105,"column":55}},"53":{"start":{"line":106,"column":12},"end":{"line":106,"column":78}},"54":{"start":{"line":107,"column":12},"end":{"line":107,"column":76}},"55":{"start":{"line":108,"column":12},"end":{"line":108,"column":74}},"56":{"start":{"line":109,"column":12},"end":{"line":109,"column":70}},"57":{"start":{"line":110,"column":12},"end":{"line":111,"column":68}},"58":{"start":{"line":112,"column":12},"end":{"line":112,"column":73}},"59":{"start":{"line":113,"column":12},"end":{"line":113,"column":78}},"60":{"start":{"line":116,"column":12},"end":{"line":116,"column":45}},"61":{"start":{"line":120,"column":8},"end":{"line":120,"column":71}},"62":{"start":{"line":120,"column":50},"end":{"line":120,"column":69}},"63":{"start":{"line":124,"column":24},"end":{"line":124,"column":109}},"64":{"start":{"line":124,"column":81},"end":{"line":124,"column":108}},"65":{"start":{"line":125,"column":8},"end":{"line":139,"column":9}},"66":{"start":{"line":127,"column":25},"end":{"line":127,"column":78}},"67":{"start":{"line":127,"column":58},"end":{"line":127,"column":77}},"68":{"start":{"line":128,"column":12},"end":{"line":135,"column":13}},"69":{"start":{"line":129,"column":16},"end":{"line":129,"column":68}},"70":{"start":{"line":131,"column":16},"end":{"line":131,"column":153}},"71":{"start":{"line":134,"column":16},"end":{"line":134,"column":49}},"72":{"start":{"line":138,"column":12},"end":{"line":138,"column":48}},"73":{"start":{"line":142,"column":36},"end":{"line":142,"column":45}},"74":{"start":{"line":143,"column":25},"end":{"line":143,"column":65}},"75":{"start":{"line":144,"column":8},"end":{"line":146,"column":9}},"76":{"start":{"line":145,"column":12},"end":{"line":145,"column":45}},"77":{"start":{"line":147,"column":8},"end":{"line":151,"column":11}},"78":{"start":{"line":148,"column":12},"end":{"line":150,"column":13}},"79":{"start":{"line":148,"column":59},"end":{"line":148,"column":75}},"80":{"start":{"line":149,"column":16},"end":{"line":149,"column":57}},"81":{"start":{"line":152,"column":8},"end":{"line":152,"column":47}},"82":{"start":{"line":155,"column":0},"end":{"line":155,"column":40}}},"fnMap":{"0":{"name":"(anonymous_0)","decl":{"start":{"line":2,"column":56},"end":{"line":2,"column":57}},"loc":{"start":{"line":2,"column":71},"end":{"line":4,"column":1}},"line":2},"1":{"name":"(anonymous_1)","decl":{"start":{"line":22,"column":4},"end":{"line":22,"column":5}},"loc":{"start":{"line":22,"column":27},"end":{"line":31,"column":5}},"line":22},"2":{"name":"(anonymous_2)","decl":{"start":{"line":28,"column":28},"end":{"line":28,"column":29}},"loc":{"start":{"line":28,"column":38},"end":{"line":28,"column":227}},"line":28},"3":{"name":"(anonymous_3)","decl":{"start":{"line":32,"column":4},"end":{"line":32,"column":5}},"loc":{"start":{"line":32,"column":24},"end":{"line":34,"column":5}},"line":32},"4":{"name":"(anonymous_4)","decl":{"start":{"line":35,"column":4},"end":{"line":35,"column":5}},"loc":{"start":{"line":35,"column":18},"end":{"line":48,"column":5}},"line":35},"5":{"name":"(anonymous_5)","decl":{"start":{"line":49,"column":4},"end":{"line":49,"column":5}},"loc":{"start":{"line":49,"column":19},"end":{"line":55,"column":5}},"line":49},"6":{"name":"(anonymous_6)","decl":{"start":{"line":50,"column":55},"end":{"line":50,"column":56}},"loc":{"start":{"line":50,"column":65},"end":{"line":50,"column":84}},"line":50},"7":{"name":"(anonymous_7)","decl":{"start":{"line":52,"column":61},"end":{"line":52,"column":62}},"loc":{"start":{"line":52,"column":71},"end":{"line":52,"column":90}},"line":52},"8":{"name":"(anonymous_8)","decl":{"start":{"line":57,"column":4},"end":{"line":57,"column":5}},"loc":{"start":{"line":57,"column":30},"end":{"line":64,"column":5}},"line":57},"9":{"name":"(anonymous_9)","decl":{"start":{"line":59,"column":44},"end":{"line":59,"column":45}},"loc":{"start":{"line":59,"column":54},"end":{"line":59,"column":96}},"line":59},"10":{"name":"(anonymous_10)","decl":{"start":{"line":62,"column":44},"end":{"line":62,"column":45}},"loc":{"start":{"line":62,"column":54},"end":{"line":62,"column":96}},"line":62},"11":{"name":"(anonymous_11)","decl":{"start":{"line":66,"column":4},"end":{"line":66,"column":5}},"loc":{"start":{"line":66,"column":58},"end":{"line":75,"column":5}},"line":66},"12":{"name":"(anonymous_12)","decl":{"start":{"line":68,"column":44},"end":{"line":68,"column":45}},"loc":{"start":{"line":68,"column":54},"end":{"line":69,"column":80}},"line":68},"13":{"name":"(anonymous_13)","decl":{"start":{"line":72,"column":44},"end":{"line":72,"column":45}},"loc":{"start":{"line":72,"column":54},"end":{"line":73,"column":82}},"line":72},"14":{"name":"(anonymous_14)","decl":{"start":{"line":77,"column":4},"end":{"line":77,"column":5}},"loc":{"start":{"line":77,"column":31},"end":{"line":84,"column":5}},"line":77},"15":{"name":"(anonymous_15)","decl":{"start":{"line":79,"column":44},"end":{"line":79,"column":45}},"loc":{"start":{"line":79,"column":54},"end":{"line":79,"column":95}},"line":79},"16":{"name":"(anonymous_16)","decl":{"start":{"line":82,"column":44},"end":{"line":82,"column":45}},"loc":{"start":{"line":82,"column":54},"end":{"line":82,"column":95}},"line":82},"17":{"name":"(anonymous_17)","decl":{"start":{"line":85,"column":4},"end":{"line":85,"column":5}},"loc":{"start":{"line":85,"column":37},"end":{"line":92,"column":5}},"line":85},"18":{"name":"(anonymous_18)","decl":{"start":{"line":87,"column":44},"end":{"line":87,"column":45}},"loc":{"start":{"line":87,"column":54},"end":{"line":87,"column":105}},"line":87},"19":{"name":"(anonymous_19)","decl":{"start":{"line":90,"column":44},"end":{"line":90,"column":45}},"loc":{"start":{"line":90,"column":54},"end":{"line":90,"column":105}},"line":90},"20":{"name":"(anonymous_20)","decl":{"start":{"line":93,"column":4},"end":{"line":93,"column":5}},"loc":{"start":{"line":93,"column":33},"end":{"line":101,"column":5}},"line":93},"21":{"name":"(anonymous_21)","decl":{"start":{"line":96,"column":46},"end":{"line":96,"column":47}},"loc":{"start":{"line":96,"column":56},"end":{"line":96,"column":93}},"line":96},"22":{"name":"(anonymous_22)","decl":{"start":{"line":102,"column":4},"end":{"line":102,"column":5}},"loc":{"start":{"line":102,"column":39},"end":{"line":118,"column":5}},"line":102},"23":{"name":"(anonymous_23)","decl":{"start":{"line":103,"column":46},"end":{"line":103,"column":47}},"loc":{"start":{"line":103,"column":56},"end":{"line":103,"column":75}},"line":103},"24":{"name":"(anonymous_24)","decl":{"start":{"line":119,"column":4},"end":{"line":119,"column":5}},"loc":{"start":{"line":119,"column":20},"end":{"line":121,"column":5}},"line":119},"25":{"name":"(anonymous_25)","decl":{"start":{"line":120,"column":40},"end":{"line":120,"column":41}},"loc":{"start":{"line":120,"column":50},"end":{"line":120,"column":69}},"line":120},"26":{"name":"(anonymous_26)","decl":{"start":{"line":122,"column":4},"end":{"line":122,"column":5}},"loc":{"start":{"line":122,"column":53},"end":{"line":140,"column":5}},"line":122},"27":{"name":"(anonymous_27)","decl":{"start":{"line":124,"column":70},"end":{"line":124,"column":71}},"loc":{"start":{"line":124,"column":81},"end":{"line":124,"column":108}},"line":124},"28":{"name":"(anonymous_28)","decl":{"start":{"line":127,"column":50},"end":{"line":127,"column":51}},"loc":{"start":{"line":127,"column":58},"end":{"line":127,"column":77}},"line":127},"29":{"name":"(anonymous_29)","decl":{"start":{"line":141,"column":4},"end":{"line":141,"column":5}},"loc":{"start":{"line":141,"column":50},"end":{"line":153,"column":5}},"line":141},"30":{"name":"(anonymous_30)","decl":{"start":{"line":147,"column":25},"end":{"line":147,"column":26}},"loc":{"start":{"line":147,"column":38},"end":{"line":151,"column":9}},"line":147},"31":{"name":"(anonymous_31)","decl":{"start":{"line":148,"column":49},"end":{"line":148,"column":50}},"loc":{"start":{"line":148,"column":59},"end":{"line":148,"column":75}},"line":148}},"branchMap":{"0":{"loc":{"start":{"line":2,"column":22},"end":{"line":4,"column":1}},"type":"binary-expr","locations":[{"start":{"line":2,"column":23},"end":{"line":2,"column":27}},{"start":{"line":2,"column":31},"end":{"line":2,"column":51}},{"start":{"line":2,"column":56},"end":{"line":4,"column":1}}],"line":2},"1":{"loc":{"start":{"line":3,"column":11},"end":{"line":3,"column":61}},"type":"cond-expr","locations":[{"start":{"line":3,"column":37},"end":{"line":3,"column":40}},{"start":{"line":3,"column":43},"end":{"line":3,"column":61}}],"line":3},"2":{"loc":{"start":{"line":3,"column":12},"end":{"line":3,"column":33}},"type":"binary-expr","locations":[{"start":{"line":3,"column":12},"end":{"line":3,"column":15}},{"start":{"line":3,"column":19},"end":{"line":3,"column":33}}],"line":3},"3":{"loc":{"start":{"line":26,"column":8},"end":{"line":29,"column":9}},"type":"if","locations":[{"start":{"line":26,"column":8},"end":{"line":29,"column":9}},{"start":{"line":26,"column":8},"end":{"line":29,"column":9}}],"line":26},"4":{"loc":{"start":{"line":51,"column":8},"end":{"line":54,"column":9}},"type":"if","locations":[{"start":{"line":51,"column":8},"end":{"line":54,"column":9}},{"start":{"line":51,"column":8},"end":{"line":54,"column":9}}],"line":51},"5":{"loc":{"start":{"line":58,"column":8},"end":{"line":63,"column":9}},"type":"if","locations":[{"start":{"line":58,"column":8},"end":{"line":63,"column":9}},{"start":{"line":58,"column":8},"end":{"line":63,"column":9}}],"line":58},"6":{"loc":{"start":{"line":67,"column":8},"end":{"line":74,"column":9}},"type":"if","locations":[{"start":{"line":67,"column":8},"end":{"line":74,"column":9}},{"start":{"line":67,"column":8},"end":{"line":74,"column":9}}],"line":67},"7":{"loc":{"start":{"line":78,"column":8},"end":{"line":83,"column":9}},"type":"if","locations":[{"start":{"line":78,"column":8},"end":{"line":83,"column":9}},{"start":{"line":78,"column":8},"end":{"line":83,"column":9}}],"line":78},"8":{"loc":{"start":{"line":86,"column":8},"end":{"line":91,"column":9}},"type":"if","locations":[{"start":{"line":86,"column":8},"end":{"line":91,"column":9}},{"start":{"line":86,"column":8},"end":{"line":91,"column":9}}],"line":86},"9":{"loc":{"start":{"line":95,"column":8},"end":{"line":100,"column":9}},"type":"if","locations":[{"start":{"line":95,"column":8},"end":{"line":100,"column":9}},{"start":{"line":95,"column":8},"end":{"line":100,"column":9}}],"line":95},"10":{"loc":{"start":{"line":95,"column":12},"end":{"line":95,"column":63}},"type":"binary-expr","locations":[{"start":{"line":95,"column":12},"end":{"line":95,"column":37}},{"start":{"line":95,"column":41},"end":{"line":95,"column":63}}],"line":95},"11":{"loc":{"start":{"line":104,"column":8},"end":{"line":117,"column":9}},"type":"if","locations":[{"start":{"line":104,"column":8},"end":{"line":117,"column":9}},{"start":{"line":104,"column":8},"end":{"line":117,"column":9}}],"line":104},"12":{"loc":{"start":{"line":125,"column":8},"end":{"line":139,"column":9}},"type":"if","locations":[{"start":{"line":125,"column":8},"end":{"line":139,"column":9}},{"start":{"line":125,"column":8},"end":{"line":139,"column":9}}],"line":125},"13":{"loc":{"start":{"line":128,"column":12},"end":{"line":135,"column":13}},"type":"if","locations":[{"start":{"line":128,"column":12},"end":{"line":135,"column":13}},{"start":{"line":128,"column":12},"end":{"line":135,"column":13}}],"line":128},"14":{"loc":{"start":{"line":144,"column":8},"end":{"line":146,"column":9}},"type":"if","locations":[{"start":{"line":144,"column":8},"end":{"line":146,"column":9}},{"start":{"line":144,"column":8},"end":{"line":146,"column":9}}],"line":144},"15":{"loc":{"start":{"line":148,"column":12},"end":{"line":150,"column":13}},"type":"if","locations":[{"start":{"line":148,"column":12},"end":{"line":150,"column":13}},{"start":{"line":148,"column":12},"end":{"line":150,"column":13}}],"line":148}},"s":{"0":1,"1":2,"2":1,"3":1,"4":1,"5":1,"6":1,"7":3,"8":3,"9":3,"10":3,"11":3,"12":3,"13":27,"14":3,"15":10,"16":1,"17":1,"18":1,"19":1,"20":10,"21":1,"22":1,"23":10,"24":1,"25":1,"26":1,"27":20,"28":0,"29":0,"30":0,"31":0,"32":0,"33":0,"34":0,"35":0,"36":0,"37":0,"38":0,"39":0,"40":1,"41":0,"42":0,"43":1,"44":20,"45":1,"46":1,"47":9,"48":0,"49":0,"50":0,"51":0,"52":0,"53":0,"54":0,"55":0,"56":0,"57":0,"58":0,"59":0,"60":0,"61":0,"62":0,"63":0,"64":0,"65":0,"66":0,"67":0,"68":0,"69":0,"70":0,"71":0,"72":0,"73":0,"74":0,"75":0,"76":0,"77":0,"78":0,"79":0,"80":0,"81":0,"82":1},"f":{"0":2,"1":3,"2":27,"3":10,"4":1,"5":1,"6":10,"7":10,"8":1,"9":20,"10":0,"11":0,"12":0,"13":0,"14":0,"15":0,"16":0,"17":1,"18":0,"19":20,"20":1,"21":9,"22":0,"23":0,"24":0,"25":0,"26":0,"27":0,"28":0,"29":0,"30":0,"31":0},"b":{"0":[1,1,1],"1":[0,2],"2":[2,2],"3":[3,0],"4":[1,0],"5":[1,0],"6":[0,0],"7":[0,0],"8":[0,1],"9":[1,0],"10":[1,0],"11":[0,0],"12":[0,0],"13":[0,0],"14":[0,0],"15":[0,0]},"inputSourceMap":{"version":3,"file":"/home/usuario/p7/ull-esit-inf-dsi-22-23-prct07-destravate-datamodel-grupof/src/collections/rutaCollection.ts","sources":["/home/usuario/p7/ull-esit-inf-dsi-22-23-prct07-destravate-datamodel-grupof/src/collections/rutaCollection.ts"],"names":[],"mappings":";;;;;;AAAA,0CAAsC;AAItC,kDAA0B;AAC1B,uEAA+C;AAE/C;;;;;;GAMG;AAEH,MAAa,cAAc;IAKN;IAJX,cAAc,CAAS;IACvB,QAAQ,CAA8B;IACtC,gBAAgB,CAAiC;IAEzD,YAAmB,SAAiB;QAAjB,cAAS,GAAT,SAAS,CAAQ;QAClC,IAAI,CAAC,QAAQ,GAAG,IAAA,eAAK,EAAC,IAAI,kBAAQ,CAAC,6BAA6B,CAAC,CAAC,CAAC;QACnE,IAAI,CAAC,gBAAgB,GAAG,IAAA,eAAK,EAAC,IAAI,kBAAQ,CAAC,gCAAgC,CAAC,CAAC,CAAC;QAC9E,IAAI,IAAI,CAAC,QAAQ,CAAC,GAAG,CAAC,MAAM,CAAC,CAAC,KAAK,EAAE,EAAE;YACrC,MAAM,OAAO,GAAG,IAAI,CAAC,QAAQ,CAAC,GAAG,CAAC,MAAM,CAAC,CAAC,KAAK,EAAE,CAAC;YAClD,OAAO,CAAC,OAAO,CAAC,CAAC,IAAI,EAAE,EAAE,CACvB,IAAI,CAAC,SAAS,CAAC,IAAI,CACjB,IAAI,YAAI,CACN,IAAI,CAAC,EAAE,EACP,IAAI,CAAC,MAAM,EACX,IAAI,CAAC,iBAAiB,EACtB,IAAI,CAAC,gBAAgB,EACrB,IAAI,CAAC,YAAY,EACjB,IAAI,CAAC,aAAa,EAClB,IAAI,CAAC,aAAa,EAClB,IAAI,CAAC,iBAAiB,CACvB,CACF,CACF,CAAC;SACH;QACD,IAAI,CAAC,cAAc,GAAG,SAAS,CAAC;IAClC,CAAC;IAEM,iBAAiB;QACtB,OAAO,IAAI,CAAC,cAAc,CAAC;IAC7B,CAAC;IAEM,OAAO,CAAC,IAAU;QACvB,IAAI,CAAC,cAAc,CAAC,IAAI,CAAC,IAAI,CAAC,CAAC;QAC/B,MAAM,MAAM,GAAG;YACb,EAAE,EAAE,IAAI,CAAC,KAAK,EAAE;YAChB,MAAM,EAAE,IAAI,CAAC,SAAS,EAAE;YACxB,iBAAiB,EAAE,IAAI,CAAC,oBAAoB,EAAE;YAC9C,gBAAgB,EAAE,IAAI,CAAC,mBAAmB,EAAE;YAC5C,YAAY,EAAE,IAAI,CAAC,eAAe,EAAE;YACpC,aAAa,EAAE,IAAI,CAAC,gBAAgB,EAAE;YACtC,aAAa,EAAE,IAAI,CAAC,gBAAgB,EAAE;YACtC,iBAAiB,EAAE,IAAI,CAAC,oBAAoB,EAAE;SAC/C,CAAC;QACF,IAAI,CAAC,QAAQ,CAAC,GAAG,CAAC,MAAM,CAAC,CAAC,IAAI,CAAC,MAAM,CAAC,CAAC,KAAK,EAAE,CAAC;IACjD,CAAC;IAEM,UAAU,CAAC,EAAU;QAC1B,MAAM,aAAa,GAAG,IAAI,CAAC,cAAc,CAAC,IAAI,CAC5C,CAAC,IAAI,EAAE,EAAE,CAAC,IAAI,CAAC,KAAK,EAAE,KAAK,EAAE,CAC9B,CAAC;QACF,IAAI,aAAa,EAAE;YACjB,IAAI,CAAC,cAAc,GAAG,IAAI,CAAC,cAAc,CAAC,MAAM,CAC9C,CAAC,IAAI,EAAE,EAAE,CAAC,IAAI,CAAC,KAAK,EAAE,KAAK,EAAE,CAC9B,CAAC;YACF,IAAI,CAAC,QAAQ,CAAC,GAAG,CAAC,MAAM,CAAC,CAAC,MAAM,CAAC,EAAE,EAAE,EAAE,EAAE,EAAE,CAAC,CAAC,KAAK,EAAE,CAAC;SACtD;IACH,CAAC;IAED,kEAAkE;IAC3D,kBAAkB,CAAC,KAAc;QACtC,IAAI,KAAK,EAAE;YACT,OAAO,IAAI,CAAC,cAAc,CAAC,IAAI,CAAC,CAAC,CAAC,EAAE,CAAC,EAAE,EAAE,CACvC,CAAC,CAAC,SAAS,EAAE,CAAC,aAAa,CAAC,CAAC,CAAC,SAAS,EAAE,CAAC,CAC3C,CAAC;SACH;aAAM;YACL,OAAO,IAAI,CAAC,cAAc,CAAC,IAAI,CAAC,CAAC,CAAC,EAAE,CAAC,EAAE,EAAE,CACvC,CAAC,CAAC,SAAS,EAAE,CAAC,aAAa,CAAC,CAAC,CAAC,SAAS,EAAE,CAAC,CAC3C,CAAC;SACH;IACH,CAAC;IAED,wEAAwE;IACjE,2BAA2B,CAAC,iBAAoC,EAAE,KAAc;QACrF,IAAI,KAAK,EAAE;YACT,OAAO,IAAI,CAAC,cAAc,CAAC,IAAI,CAC7B,CAAC,CAAC,EAAE,CAAC,EAAE,EAAE,CACP,IAAI,CAAC,sBAAsB,CAAC,iBAAiB,EAAE,CAAC,CAAC,KAAK,EAAE,CAAC,CAAC,MAAM;gBAChE,IAAI,CAAC,sBAAsB,CAAC,iBAAiB,EAAE,CAAC,CAAC,KAAK,EAAE,CAAC,CAAC,MAAM,CACnE,CAAC;SACH;aAAM;YACL,OAAO,IAAI,CAAC,cAAc,CAAC,IAAI,CAC7B,CAAC,CAAC,EAAE,CAAC,EAAE,EAAE,CACP,IAAI,CAAC,sBAAsB,CAAC,iBAAiB,EAAE,CAAC,CAAC,KAAK,EAAE,CAAC,CAAC,MAAM;kBAC9D,IAAI,CAAC,sBAAsB,CAAC,iBAAiB,EAAE,CAAC,CAAC,KAAK,EAAE,CAAC,CAAC,MAAM,CACrE,CAAC;SACH;IACH,CAAC;IAED,kEAAkE;IAE3D,mBAAmB,CAAC,KAAc;QACvC,IAAI,KAAK,EAAE;YACT,OAAO,IAAI,CAAC,cAAc,CAAC,IAAI,CAC7B,CAAC,CAAC,EAAE,CAAC,EAAE,EAAE,CAAC,CAAC,CAAC,eAAe,EAAE,GAAG,CAAC,CAAC,eAAe,EAAE,CACpD,CAAC;SACH;aAAM;YACL,OAAO,IAAI,CAAC,cAAc,CAAC,IAAI,CAC7B,CAAC,CAAC,EAAE,CAAC,EAAE,EAAE,CAAC,CAAC,CAAC,eAAe,EAAE,GAAG,CAAC,CAAC,eAAe,EAAE,CACpD,CAAC;SACH;IAEH,CAAC;IACM,yBAAyB,CAAC,KAAc;QAC7C,IAAI,KAAK,EAAE;YACT,OAAO,IAAI,CAAC,cAAc,CAAC,IAAI,CAC7B,CAAC,CAAC,EAAE,CAAC,EAAE,EAAE,CAAC,CAAC,CAAC,oBAAoB,EAAE,GAAG,CAAC,CAAC,oBAAoB,EAAE,CAC9D,CAAC;SACH;aAAM;YACL,OAAO,IAAI,CAAC,cAAc,CAAC,IAAI,CAC7B,CAAC,CAAC,EAAE,CAAC,EAAE,EAAE,CAAC,CAAC,CAAC,oBAAoB,EAAE,GAAG,CAAC,CAAC,oBAAoB,EAAE,CAC9D,CAAC;SACH;IACH,CAAC;IAEM,iBAAiB,CAAC,SAAiB;QACxC,oDAAoD;QACpD,IAAI,SAAS,KAAK,WAAW,IAAI,SAAS,KAAK,QAAQ,EAAE;YACvD,OAAO,IAAI,CAAC,cAAc,CAAC,MAAM,CAC/B,CAAC,IAAI,EAAE,EAAE,CAAC,IAAI,CAAC,gBAAgB,EAAE,KAAK,SAAS,CAChD,CAAC;SACH;aAAM;YACL,OAAO,EAAE,CAAC;SACX;IACH,CAAC;IAEM,WAAW,CAAC,EAAU,EAAE,iBAAoC;QACjE,MAAM,IAAI,GAAG,IAAI,CAAC,cAAc,CAAC,IAAI,CAAC,CAAC,IAAI,EAAE,EAAE,CAAC,IAAI,CAAC,KAAK,EAAE,KAAK,EAAE,CAAC,CAAC;QACrE,IAAI,IAAI,EAAE;YACR,OAAO,CAAC,GAAG,CAAC,UAAU,GAAG,IAAI,CAAC,SAAS,EAAE,CAAC,CAAC;YAC3C,OAAO,CAAC,GAAG,CAAC,sBAAsB,GAAG,IAAI,CAAC,oBAAoB,EAAE,CAAC,CAAC;YAClE,OAAO,CAAC,GAAG,CAAC,qBAAqB,GAAG,IAAI,CAAC,mBAAmB,EAAE,CAAC,CAAC;YAChE,OAAO,CAAC,GAAG,CAAC,uBAAuB,GAAG,IAAI,CAAC,eAAe,EAAE,CAAC,CAAC;YAC9D,OAAO,CAAC,GAAG,CAAC,kBAAkB,GAAG,IAAI,CAAC,gBAAgB,EAAE,CAAC,CAAC;YAC1D,OAAO,CAAC,GAAG,CACT,wBAAwB;gBACtB,IAAI,CAAC,sBAAsB,CAAC,iBAAiB,EAAE,EAAE,CAAC,CACrD,CAAC;YACF,OAAO,CAAC,GAAG,CAAC,qBAAqB,GAAG,IAAI,CAAC,gBAAgB,EAAE,CAAC,CAAC;YAC7D,OAAO,CAAC,GAAG,CAAC,sBAAsB,GAAG,IAAI,CAAC,oBAAoB,EAAE,CAAC,CAAC;SACnE;aAAM;YACL,OAAO,CAAC,GAAG,CAAC,mBAAmB,CAAC,CAAC;SAClC;IACH,CAAC;IAED,WAAW,CAAC,EAAU;QACpB,OAAO,IAAI,CAAC,cAAc,CAAC,IAAI,CAAC,CAAC,IAAI,EAAE,EAAE,CAAC,IAAI,CAAC,KAAK,EAAE,KAAK,EAAE,CAAC,CAAC;IACjE,CAAC;IAGM,gBAAgB,CAAC,iBAAoC,EAAC,EAAU,EAAE,OAAe;QACtF,gCAAgC;QAChC,MAAM,OAAO,GAAG,iBAAiB,CAAC,oBAAoB,EAAE,CAAC,IAAI,CAAC,OAAO,CAAC,EAAE,CAAC,OAAO,CAAC,KAAK,EAAE,KAAK,OAAO,CAAC,CAAC;QACtG,IAAI,OAAO,EAAE;YACX,+BAA+B;YAC/B,MAAM,IAAI,GAAG,IAAI,CAAC,cAAc,CAAC,IAAI,CAAC,IAAI,CAAC,EAAE,CAAC,IAAI,CAAC,KAAK,EAAE,KAAK,EAAE,CAAC,CAAC;YACnE,IAAI,IAAI,EAAE;gBACR,OAAO,CAAC,iBAAiB,CAAC,IAAI,IAAI,CAAC,IAAI,CAAC,GAAG,EAAE,CAAC,EAAE,EAAE,CAAC,CAAC;gBACpD,4BAA4B;gBAC5B,IAAI,CAAC,gBAAgB,CAAC,GAAG,CAAC,SAAS,CAAC,CAAC,IAAI,CAAC,EAAE,EAAE,EAAE,OAAO,EAAE,CAAC,CAAC,GAAG,CAAC,gBAAgB,CAAC,CAAC,IAAI,CAAC,EAAE,KAAK,EAAE,IAAI,IAAI,CAAC,IAAI,CAAC,GAAG,EAAE,CAAC,EAAE,IAAI,EAAE,EAAE,EAAE,CAAC,CAAC,KAAK,EAAE,CAAC;aAC1I;iBAAM;gBACL,OAAO,CAAC,GAAG,CAAC,mBAAmB,CAAC,CAAC;aAClC;SAAE;aAAM;YACT,OAAO,CAAC,GAAG,CAAC,sBAAsB,CAAC,CAAC;SAErC;IAEH,CAAC;IAEM,sBAAsB,CAC3B,iBAAoC,EACpC,EAAU;QAEV,MAAM,mBAAmB,GAAG,IAAI,GAAG,EAAU,CAAC;QAC9C,MAAM,QAAQ,GAAG,iBAAiB,CAAC,oBAAoB,EAAE,CAAC;QAE1D,IAAI,CAAC,YAAI,EAAE;YACT,OAAO,CAAC,GAAG,CAAC,mBAAmB,CAAC,CAAC;SAClC;QAED,QAAQ,CAAC,OAAO,CAAC,CAAC,OAAO,EAAE,EAAE;YAC3B,IAAI,OAAO,CAAC,iBAAiB,EAAE,CAAC,IAAI,CAAC,CAAC,IAAI,EAAE,EAAE,CAAC,IAAI,CAAC,IAAI,KAAK,EAAE,CAAC,EAAE;gBAChE,mBAAmB,CAAC,GAAG,CAAC,OAAO,CAAC,KAAK,EAAE,CAAC,CAAC;aAC1C;QACH,CAAC,CAAC,CAAC;QAEH,OAAO,KAAK,CAAC,IAAI,CAAC,mBAAmB,CAAC,CAAC;IACzC,CAAC;CACF;AA5LD,wCA4LC","sourcesContent":["import { ruta } from \"../types/rutas\";\nimport { rutaSchema } from \"../schemas/rutaSchema\";\nimport { usuarioCollection } from \"./usuarioCollection\";\nimport { usuarioSchema } from \"../schemas/usuarioSchema\";\nimport lowdb from \"lowdb\";\nimport FileSync from \"lowdb/adapters/FileSync\";\n\n/**Rutas:\nAlfabéticamente por nombre de la ruta, ascendente y descendente.\nCantidad de usuarios que realizan las rutas, ascendente y descendente.\nPor longitud de la ruta, ascendente y descendente.\nPor la calificación media de la ruta, ascendente y descendente.\nOrdenar por actividad: correr o ciclismo.\n */\n\nexport class rutaCollection {\n  private coleccionRutas: ruta[];\n  private database: lowdb.LowdbSync<rutaSchema>;\n  private databaseUsuarios: lowdb.LowdbSync<usuarioSchema>;\n\n  constructor(public coleccion: ruta[]) {\n    this.database = lowdb(new FileSync(\"src/databases/db_rutas.json\"));\n    this.databaseUsuarios = lowdb(new FileSync(\"src/databases/db_usuarios.json\"));\n    if (this.database.has(\"ruta\").value()) {\n      const dbItems = this.database.get(\"ruta\").value();\n      dbItems.forEach((item) =>\n        this.coleccion.push(\n          new ruta(\n            item.id,\n            item.nombre,\n            item.coordenadasInicio,\n            item.coordenadasFinal,\n            item.longitudRuta,\n            item.desnivelMedio,\n            item.tipoActividad,\n            item.calificacionMedia\n          )\n        )\n      );\n    }\n    this.coleccionRutas = coleccion;\n  }\n\n  public getColeccionRutas(): ruta[] {\n    return this.coleccionRutas;\n  }\n\n  public addRuta(ruta: ruta) {\n    this.coleccionRutas.push(ruta);\n    const dbRuta = {\n      id: ruta.getId(),\n      nombre: ruta.getNombre(),\n      coordenadasInicio: ruta.getCoordenadasInicio(),\n      coordenadasFinal: ruta.getCoordenadasFinal(),\n      longitudRuta: ruta.getLongitudRuta(),\n      desnivelMedio: ruta.getDesnivelMedio(),\n      tipoActividad: ruta.getTipoActividad(),\n      calificacionMedia: ruta.getCalificacionMedia(),\n    };\n    this.database.get(\"ruta\").push(dbRuta).write();\n  }\n\n  public removeRuta(id: string) {\n    const rutaAEliminar = this.coleccionRutas.find(\n      (ruta) => ruta.getId() === id\n    );\n    if (rutaAEliminar) {\n      this.coleccionRutas = this.coleccionRutas.filter(\n        (ruta) => ruta.getId() !== id\n      );\n      this.database.get(\"ruta\").remove({ id: id }).write();\n    }\n  }\n\n  //Alfabéticamente por nombre de la ruta, ascendente y descendente.\n  public getRutasAlfabetico(orden: boolean): ruta[] {\n    if (orden) {\n      return this.coleccionRutas.sort((a, b) =>\n        a.getNombre().localeCompare(b.getNombre())\n      );\n    } else {\n      return this.coleccionRutas.sort((a, b) =>\n        b.getNombre().localeCompare(a.getNombre())\n      );\n    }\n  }\n\n  //Cantidad de usuarios que realizan las rutas, ascendente y descendente.\n  public getRutasPorCantidadUsuarios(coleccionUsuarios: usuarioCollection, orden: boolean): ruta[] {\n    if (orden) {\n      return this.coleccionRutas.sort(\n        (a, b) =>\n          this.getUsuariosFinalizados(coleccionUsuarios, a.getId()).length -\n          this.getUsuariosFinalizados(coleccionUsuarios, b.getId()).length\n      );\n    } else {\n      return this.coleccionRutas.sort(\n        (a, b) =>\n          this.getUsuariosFinalizados(coleccionUsuarios, b.getId()).length\n          - this.getUsuariosFinalizados(coleccionUsuarios, a.getId()).length\n      );\n    }\n  }\n\n  // Por la calificación media de la ruta, ascendente y descendente.\n\n  public getRutasPorLongitud(orden: boolean): ruta[] {\n    if (orden) {\n      return this.coleccionRutas.sort(\n        (a, b) => a.getLongitudRuta() - b.getLongitudRuta()\n      );\n    } else {\n      return this.coleccionRutas.sort(\n        (a, b) => b.getLongitudRuta() - a.getLongitudRuta()\n      );\n    }\n\n  }\n  public getRutasCalificacionMedia(orden: boolean): ruta[] {\n    if (orden) {\n      return this.coleccionRutas.sort(\n        (a, b) => a.getCalificacionMedia() - b.getCalificacionMedia()\n      );\n    } else {\n      return this.coleccionRutas.sort(\n        (a, b) => b.getCalificacionMedia() - a.getCalificacionMedia()\n      );\n    }\n  }\n\n  public getRutasActividad(actividad: string): ruta[] {\n    // comprobamos que la actividad es ciclismo o correr\n    if (actividad === \"Bicicleta\" || actividad === \"Correr\") {\n      return this.coleccionRutas.filter(\n        (ruta) => ruta.getTipoActividad() === actividad\n      );\n    } else {\n      return [];\n    }\n  }\n\n  public getInfoRuta(id: string, coleccionUsuarios: usuarioCollection): void {\n    const ruta = this.coleccionRutas.find((ruta) => ruta.getId() === id);\n    if (ruta) {\n      console.log(\"Nombre: \" + ruta.getNombre());\n      console.log(\"Coordenadas inicio: \" + ruta.getCoordenadasInicio());\n      console.log(\"Coordenadas final: \" + ruta.getCoordenadasFinal());\n      console.log(\"Longitud de la ruta: \" + ruta.getLongitudRuta());\n      console.log(\"Desnivel medio: \" + ruta.getDesnivelMedio());\n      console.log(\n        \"Usuarios finalizados: \" +\n          this.getUsuariosFinalizados(coleccionUsuarios, id)\n      );\n      console.log(\"Tipo de actividad: \" + ruta.getTipoActividad());\n      console.log(\"Calificación media: \" + ruta.getCalificacionMedia());\n    } else {\n      console.log(\"No existe la ruta\");\n    }\n  }\n\n  getRutaById(id: string): ruta | undefined {\n    return this.coleccionRutas.find((ruta) => ruta.getId() === id);\n  }\n\n\n  public addRutaRealizada(coleccionUsuarios: usuarioCollection,id: string, user_id: string) {\n    // buscar el usuario con ese ID.\n    const usuario = coleccionUsuarios.getColeccionUsuarios().find(usuario => usuario.getId() === user_id);\n    if (usuario) {\n      // comprobar que la ruta existe\n      const ruta = this.coleccionRutas.find(ruta => ruta.getId() === id);\n      if (ruta) {\n        usuario.addHistoricoRutas(new Date(Date.now()), id);\n        // añadir a la base da datos\n        this.databaseUsuarios.get(\"usuario\").find({ id: user_id }).get(\"historicoRutas\").push({ fecha: new Date(Date.now()), ruta: id }).write();\n      } else {\n        console.log(\"No existe la ruta\");\n      } } else {\n      console.log(\"No existe el usuario\");\n\n    }\n\n  }\n\n  public getUsuariosFinalizados(\n    coleccionUsuarios: usuarioCollection,\n    id: string\n  ): string[] {\n    const usuariosFinalizados = new Set<string>();\n    const usuarios = coleccionUsuarios.getColeccionUsuarios();\n\n    if (!ruta) {\n      console.log(\"No existe la ruta\");\n    }\n\n    usuarios.forEach((usuario) => {\n      if (usuario.getHistoricoRutas().find((ruta) => ruta.ruta === id)) {\n        usuariosFinalizados.add(usuario.getId());\n      }\n    });\n\n    return Array.from(usuariosFinalizados);\n  }\n}\n"]},"_coverageSchema":"1a1c01bbd47fc00a2c39e90264f33305004495a9","hash":"0e535fbafe309fd4917d10198e3d327a1c9ecc61","contentHash":"431dbcfb969c7fe23fbec9ee07c1ed88c03f30d38b44ed3eabe5d9dd8b9fd3cb"},"/home/usuario/p7/ull-esit-inf-dsi-22-23-prct07-destravate-datamodel-grupof/src/types/rutas.ts":{"path":"/home/usuario/p7/ull-esit-inf-dsi-22-23-prct07-destravate-datamodel-grupof/src/types/rutas.ts","statementMap":{"0":{"start":{"line":2,"column":0},"end":{"line":2,"column":62}},"1":{"start":{"line":3,"column":0},"end":{"line":3,"column":22}},"2":{"start":{"line":14,"column":8},"end":{"line":14,"column":21}},"3":{"start":{"line":15,"column":8},"end":{"line":15,"column":29}},"4":{"start":{"line":16,"column":8},"end":{"line":16,"column":51}},"5":{"start":{"line":17,"column":8},"end":{"line":17,"column":49}},"6":{"start":{"line":18,"column":8},"end":{"line":18,"column":41}},"7":{"start":{"line":19,"column":8},"end":{"line":19,"column":43}},"8":{"start":{"line":20,"column":8},"end":{"line":20,"column":43}},"9":{"start":{"line":21,"column":8},"end":{"line":21,"column":51}},"10":{"start":{"line":24,"column":8},"end":{"line":24,"column":21}},"11":{"start":{"line":27,"column":8},"end":{"line":27,"column":23}},"12":{"start":{"line":30,"column":8},"end":{"line":30,"column":29}},"13":{"start":{"line":33,"column":8},"end":{"line":33,"column":27}},"14":{"start":{"line":36,"column":8},"end":{"line":36,"column":51}},"15":{"start":{"line":39,"column":8},"end":{"line":39,"column":38}},"16":{"start":{"line":42,"column":8},"end":{"line":42,"column":49}},"17":{"start":{"line":45,"column":8},"end":{"line":45,"column":37}},"18":{"start":{"line":48,"column":8},"end":{"line":48,"column":41}},"19":{"start":{"line":51,"column":8},"end":{"line":51,"column":33}},"20":{"start":{"line":54,"column":8},"end":{"line":54,"column":43}},"21":{"start":{"line":57,"column":8},"end":{"line":57,"column":34}},"22":{"start":{"line":60,"column":8},"end":{"line":60,"column":43}},"23":{"start":{"line":63,"column":8},"end":{"line":63,"column":34}},"24":{"start":{"line":66,"column":8},"end":{"line":66,"column":51}},"25":{"start":{"line":69,"column":8},"end":{"line":69,"column":38}},"26":{"start":{"line":72,"column":0},"end":{"line":72,"column":20}},"27":{"start":{"line":73,"column":0},"end":{"line":75,"column":2}}},"fnMap":{"0":{"name":"(anonymous_0)","decl":{"start":{"line":13,"column":4},"end":{"line":13,"column":5}},"loc":{"start":{"line":13,"column":128},"end":{"line":22,"column":5}},"line":13},"1":{"name":"(anonymous_1)","decl":{"start":{"line":23,"column":4},"end":{"line":23,"column":5}},"loc":{"start":{"line":23,"column":14},"end":{"line":25,"column":5}},"line":23},"2":{"name":"(anonymous_2)","decl":{"start":{"line":26,"column":4},"end":{"line":26,"column":5}},"loc":{"start":{"line":26,"column":12},"end":{"line":28,"column":5}},"line":26},"3":{"name":"(anonymous_3)","decl":{"start":{"line":29,"column":4},"end":{"line":29,"column":5}},"loc":{"start":{"line":29,"column":22},"end":{"line":31,"column":5}},"line":29},"4":{"name":"(anonymous_4)","decl":{"start":{"line":32,"column":4},"end":{"line":32,"column":5}},"loc":{"start":{"line":32,"column":16},"end":{"line":34,"column":5}},"line":32},"5":{"name":"(anonymous_5)","decl":{"start":{"line":35,"column":4},"end":{"line":35,"column":5}},"loc":{"start":{"line":35,"column":44},"end":{"line":37,"column":5}},"line":35},"6":{"name":"(anonymous_6)","decl":{"start":{"line":38,"column":4},"end":{"line":38,"column":5}},"loc":{"start":{"line":38,"column":27},"end":{"line":40,"column":5}},"line":38},"7":{"name":"(anonymous_7)","decl":{"start":{"line":41,"column":4},"end":{"line":41,"column":5}},"loc":{"start":{"line":41,"column":42},"end":{"line":43,"column":5}},"line":41},"8":{"name":"(anonymous_8)","decl":{"start":{"line":44,"column":4},"end":{"line":44,"column":5}},"loc":{"start":{"line":44,"column":26},"end":{"line":46,"column":5}},"line":44},"9":{"name":"(anonymous_9)","decl":{"start":{"line":47,"column":4},"end":{"line":47,"column":5}},"loc":{"start":{"line":47,"column":34},"end":{"line":49,"column":5}},"line":47},"10":{"name":"(anonymous_10)","decl":{"start":{"line":50,"column":4},"end":{"line":50,"column":5}},"loc":{"start":{"line":50,"column":22},"end":{"line":52,"column":5}},"line":50},"11":{"name":"(anonymous_11)","decl":{"start":{"line":53,"column":4},"end":{"line":53,"column":5}},"loc":{"start":{"line":53,"column":36},"end":{"line":55,"column":5}},"line":53},"12":{"name":"(anonymous_12)","decl":{"start":{"line":56,"column":4},"end":{"line":56,"column":5}},"loc":{"start":{"line":56,"column":23},"end":{"line":58,"column":5}},"line":56},"13":{"name":"(anonymous_13)","decl":{"start":{"line":59,"column":4},"end":{"line":59,"column":5}},"loc":{"start":{"line":59,"column":36},"end":{"line":61,"column":5}},"line":59},"14":{"name":"(anonymous_14)","decl":{"start":{"line":62,"column":4},"end":{"line":62,"column":5}},"loc":{"start":{"line":62,"column":23},"end":{"line":64,"column":5}},"line":62},"15":{"name":"(anonymous_15)","decl":{"start":{"line":65,"column":4},"end":{"line":65,"column":5}},"loc":{"start":{"line":65,"column":44},"end":{"line":67,"column":5}},"line":65},"16":{"name":"(anonymous_16)","decl":{"start":{"line":68,"column":4},"end":{"line":68,"column":5}},"loc":{"start":{"line":68,"column":27},"end":{"line":70,"column":5}},"line":68}},"branchMap":{},"s":{"0":1,"1":1,"2":29,"3":29,"4":29,"5":29,"6":29,"7":29,"8":29,"9":29,"10":1,"11":35,"12":1,"13":44,"14":1,"15":2,"16":1,"17":2,"18":1,"19":9,"20":1,"21":9,"22":1,"23":11,"24":1,"25":42,"26":1,"27":1},"f":{"0":29,"1":1,"2":35,"3":1,"4":44,"5":1,"6":2,"7":1,"8":2,"9":1,"10":9,"11":1,"12":9,"13":1,"14":11,"15":1,"16":42},"b":{},"inputSourceMap":{"version":3,"file":"/home/usuario/p7/ull-esit-inf-dsi-22-23-prct07-destravate-datamodel-grupof/src/types/rutas.ts","sources":["/home/usuario/p7/ull-esit-inf-dsi-22-23-prct07-destravate-datamodel-grupof/src/types/rutas.ts"],"names":[],"mappings":";;;AAAA,MAAa,IAAI;IACP,EAAE,CAAS;IACX,MAAM,CAAS;IACf,iBAAiB,CAAS;IAC1B,gBAAgB,CAAS;IACzB,YAAY,CAAS;IACrB,aAAa,CAAS;IACtB,aAAa,CAAyB;IACtC,iBAAiB,CAAS;IAElC,YACE,EAAU,EACV,MAAc,EACd,iBAAyB,EACzB,gBAAwB,EACxB,YAAoB,EACpB,aAAqB,EACrB,aAAqC,EACrC,iBAAyB;QAEzB,IAAI,CAAC,EAAE,GAAG,EAAE,CAAC;QACb,IAAI,CAAC,MAAM,GAAG,MAAM,CAAC;QACrB,IAAI,CAAC,iBAAiB,GAAG,iBAAiB,CAAC;QAC3C,IAAI,CAAC,gBAAgB,GAAG,gBAAgB,CAAC;QACzC,IAAI,CAAC,YAAY,GAAG,YAAY,CAAC;QACjC,IAAI,CAAC,aAAa,GAAG,aAAa,CAAC;QACnC,IAAI,CAAC,aAAa,GAAG,aAAa,CAAC;QACnC,IAAI,CAAC,iBAAiB,GAAG,iBAAiB,CAAC;IAC7C,CAAC;IAED,KAAK,CAAC,EAAU;QACd,IAAI,CAAC,EAAE,GAAG,EAAE,CAAC;IACf,CAAC;IAED,KAAK;QACH,OAAO,IAAI,CAAC,EAAE,CAAC;IACjB,CAAC;IAED,SAAS,CAAC,MAAc;QACtB,IAAI,CAAC,MAAM,GAAG,MAAM,CAAC;IACvB,CAAC;IAED,SAAS;QACP,OAAO,IAAI,CAAC,MAAM,CAAC;IACrB,CAAC;IAED,oBAAoB,CAAC,iBAAyB;QAC5C,IAAI,CAAC,iBAAiB,GAAG,iBAAiB,CAAC;IAC7C,CAAC;IAED,oBAAoB;QAClB,OAAO,IAAI,CAAC,iBAAiB,CAAC;IAChC,CAAC;IAED,mBAAmB,CAAC,gBAAwB;QAC1C,IAAI,CAAC,gBAAgB,GAAG,gBAAgB,CAAC;IAC3C,CAAC;IAED,mBAAmB;QACjB,OAAO,IAAI,CAAC,gBAAgB,CAAC;IAC/B,CAAC;IAED,eAAe,CAAC,YAAoB;QAClC,IAAI,CAAC,YAAY,GAAG,YAAY,CAAC;IACnC,CAAC;IAED,eAAe;QACb,OAAO,IAAI,CAAC,YAAY,CAAC;IAC3B,CAAC;IAED,gBAAgB,CAAC,aAAqB;QACpC,IAAI,CAAC,aAAa,GAAG,aAAa,CAAC;IACrC,CAAC;IAED,gBAAgB;QACd,OAAO,IAAI,CAAC,aAAa,CAAC;IAC5B,CAAC;IAED,gBAAgB,CAAC,aAAqC;QACpD,IAAI,CAAC,aAAa,GAAG,aAAa,CAAC;IACrC,CAAC;IAED,gBAAgB;QACd,OAAO,IAAI,CAAC,aAAa,CAAC;IAC5B,CAAC;IAED,oBAAoB,CAAC,iBAAyB;QA
[...]
art":{"line":161,"column":8},"end":{"line":162,"column":52}},{"start":{"line":161,"column":8},"end":{"line":162,"column":52}}],"line":161},"19":{"loc":{"start":{"line":163,"column":8},"end":{"line":164,"column":50}},"type":"if","locations":[{"start":{"line":163,"column":8},"end":{"line":164,"column":50}},{"start":{"line":163,"column":8},"end":{"line":164,"column":50}}],"line":163},"20":{"loc":{"start":{"line":165,"column":8},"end":{"line":166,"column":44}},"type":"if","locations":[{"start":{"line":165,"column":8},"end":{"line":166,"column":44}},{"start":{"line":165,"column":8},"end":{"line":166,"column":44}}],"line":165},"21":{"loc":{"start":{"line":167,"column":8},"end":{"line":168,"column":51}},"type":"if","locations":[{"start":{"line":167,"column":8},"end":{"line":168,"column":51}},{"start":{"line":167,"column":8},"end":{"line":168,"column":51}}],"line":167},"22":{"loc":{"start":{"line":179,"column":8},"end":{"line":180,"column":52}},"type":"if","locations":[{"start":{"line":179,"column":8},"end":{"line":180,"column":52}},{"start":{"line":179,"column":8},"end":{"line":180,"column":52}}],"line":179},"23":{"loc":{"start":{"line":181,"column":8},"end":{"line":182,"column":44}},"type":"if","locations":[{"start":{"line":181,"column":8},"end":{"line":182,"column":44}},{"start":{"line":181,"column":8},"end":{"line":182,"column":44}}],"line":181},"24":{"loc":{"start":{"line":195,"column":12},"end":{"line":197,"column":13}},"type":"if","locations":[{"start":{"line":195,"column":12},"end":{"line":197,"column":13}},{"start":{"line":195,"column":12},"end":{"line":197,"column":13}}],"line":195}},"s":{"0":1,"1":2,"2":1,"3":1,"4":1,"5":1,"6":1,"7":1,"8":1,"9":1,"10":1,"11":1,"12":19,"13":1,"14":3,"15":1,"16":3,"17":1,"18":1,"19":1,"20":1,"21":1,"22":20,"23":1,"24":1,"25":20,"26":1,"27":0,"28":0,"29":0,"30":0,"31":0,"32":0,"33":0,"34":0,"35":0,"36":0,"37":1,"38":1,"39":1,"40":1,"41":1,"42":1,"43":1,"44":1,"45":1,"46":0,"47":0,"48":1,"49":1,"50":0,"51":0,"52":1,"53":11,"54":11,"55":2,"56":3,"57":2,"58":2,"59":2,"60":1,"61":0,"62":1,"63":1,"64":1,"65":1,"66":1,"67":1,"68":11,"69":23,"70":11,"71":7,"72":4,"73":1,"74":6,"75":1,"76":1,"77":1,"78":1,"79":3,"80":1,"81":0,"82":1,"83":1,"84":1,"85":2,"86":2,"87":1,"88":0,"89":0,"90":0,"91":0,"92":0,"93":0,"94":0,"95":0,"96":0,"97":0,"98":0,"99":0,"100":0,"101":0,"102":0,"103":0,"104":0,"105":0,"106":0,"107":0,"108":0,"109":0,"110":0,"111":0,"112":0,"113":0,"114":0,"115":0,"116":0,"117":0,"118":0,"119":0,"120":0,"121":0,"122":0,"123":0,"124":0,"125":1},"f":{"0":2,"1":1,"2":19,"3":3,"4":1,"5":3,"6":1,"7":1,"8":20,"9":20,"10":0,"11":0,"12":0,"13":0,"14":0,"15":0,"16":1,"17":1,"18":11,"19":3,"20":1,"21":1,"22":11,"23":23,"24":6,"25":1,"26":2,"27":0,"28":0,"29":0,"30":0,"31":0,"32":0,"33":0,"34":0,"35":0,"36":0,"37":0},"b":{"0":[1,1,1],"1":[0,2],"2":[2,2],"3":[1,0],"4":[1,0],"5":[1,0],"6":[0,0],"7":[0,0],"8":[1,0],"9":[0,1,0],"10":[2,9],"11":[11,2],"12":[2,0],"13":[1,0],"14":[7,4],"15":[1,0],"16":[1,0],"17":[2,0],"18":[0,0],"19":[0,0],"20":[0,0],"21":[0,0],"22":[0,0],"23":[0,0],"24":[0,0]},"inputSourceMap":{"version":3,"file":"/home/usuario/p7/ull-esit-inf-dsi-22-23-prct07-destravate-datamodel-grupof/src/collections/usuarioCollection.ts","sources":["/home/usuario/p7/ull-esit-inf-dsi-22-23-prct07-destravate-datamodel-grupof/src/collections/usuarioCollection.ts"],"names":[],"mappings":";;;;;;AAAA,gDAA4C;AAE5C,kDAA0B;AAC1B,uEAA+C;AAI/C;;;;GAIG;AAEH,MAAa,iBAAiB;IAIT;IAHX,iBAAiB,CAAY;IAC7B,QAAQ,CAAiC;IAEjD,YAAmB,SAAoB;QAApB,cAAS,GAAT,SAAS,CAAW;QACrC,IAAI,CAAC,QAAQ,GAAG,IAAA,eAAK,EAAC,IAAI,kBAAQ,CAAC,gCAAgC,CAAC,CAAC,CAAC;QACtE,IAAI,IAAI,CAAC,QAAQ,CAAC,GAAG,CAAC,SAAS,CAAC,CAAC,KAAK,EAAE,EAAE;YACxC,MAAM,OAAO,GAAG,IAAI,CAAC,QAAQ,CAAC,GAAG,CAAC,SAAS,CAAC,CAAC,KAAK,EAAE,CAAC;YACrD,OAAO,CAAC,OAAO,CAAC,CAAC,IAAI,EAAE,EAAE,CACvB,IAAI,CAAC,SAAS,CAAC,IAAI,CACjB,IAAI,kBAAO,CACT,IAAI,CAAC,EAAE,EACP,IAAI,CAAC,MAAM,EACX,IAAI,CAAC,WAAW,EAChB,IAAI,CAAC,MAAM,EACX,IAAI,CAAC,cAAc,CACpB,CACF,CACF,CAAC;SACH;QACD,IAAI,CAAC,iBAAiB,GAAG,SAAS,CAAC;IACrC,CAAC;IAEM,oBAAoB;QACzB,OAAO,IAAI,CAAC,iBAAiB,CAAC;IAChC,CAAC;IAEM,iBAAiB,CACtB,EAAU;QAEV,MAAM,OAAO,GAAG,IAAI,CAAC,iBAAiB,CAAC,IAAI,CACzC,CAAC,OAAO,EAAE,EAAE,CAAC,OAAO,CAAC,KAAK,EAAE,KAAK,EAAE,CACpC,CAAC;QACF,OAAO,OAAO,CAAC,CAAC,CAAC,OAAO,CAAC,iBAAiB,EAAE,CAAC,CAAC,CAAC,SAAS,CAAC;IAC3D,CAAC;IAEM,UAAU,CAAC,OAAgB;QAChC,IAAI,CAAC,iBAAiB,CAAC,IAAI,CAAC,OAAO,CAAC,CAAC;QACrC,MAAM,SAAS,GAAG;YAChB,EAAE,EAAE,OAAO,CAAC,KAAK,EAAE;YACnB,MAAM,EAAE,OAAO,CAAC,SAAS,EAAE;YAC3B,WAAW,EAAE,OAAO,CAAC,cAAc,EAAE;YACrC,MAAM,EAAE,OAAO,CAAC,SAAS,EAAE;YAC3B,cAAc,EAAE,OAAO,CAAC,iBAAiB,EAAE;SAC5C,CAAC;QACF,IAAI,CAAC,QAAQ,CAAC,GAAG,CAAC,SAAS,CAAC,CAAC,IAAI,CAAC,SAAS,CAAC,CAAC,KAAK,EAAE,CAAC;IACvD,CAAC;IAEM,aAAa,CAAC,EAAU;QAC7B,MAAM,gBAAgB,GAAG,IAAI,CAAC,iBAAiB,CAAC,IAAI,CAClD,CAAC,OAAO,EAAE,EAAE,CAAC,OAAO,CAAC,KAAK,EAAE,KAAK,EAAE,CACpC,CAAC;QACF,IAAI,gBAAgB,EAAE;YACpB,IAAI,CAAC,iBAAiB,GAAG,IAAI,CAAC,iBAAiB,CAAC,MAAM,CACpD,CAAC,OAAO,EAAE,EAAE,CAAC,OAAO,CAAC,KAAK,EAAE,KAAK,EAAE,CACpC,CAAC;YACF,IAAI,CAAC,QAAQ,CAAC,GAAG,CAAC,SAAS,CAAC,CAAC,MAAM,CAAC,EAAE,EAAE,EAAE,EAAE,EAAE,CAAC,CAAC,KAAK,EAAE,CAAC;SACzD;IACH,CAAC;IAEM,wBAAwB,CAC7B,KAAmC;QAEnC,IAAI,KAAK,KAAK,YAAY,EAAE;YAC1B,OAAO,IAAI,CAAC,iBAAiB,CAAC,IAAI,CAAC,CAAC,CAAC,EAAE,CAAC,EAAE,EAAE,CAC1C,CAAC,CAAC,SAAS,EAAE,CAAC,aAAa,CAAC,CAAC,CAAC,SAAS,EAAE,CAAC,CAC3C,CAAC;SACH;aAAM;YACL,OAAO,IAAI,CAAC,iBAAiB,CAAC,IAAI,CAAC,CAAC,CAAC,EAAE,CAAC,EAAE,EAAE,CAC1C,CAAC,CAAC,SAAS,EAAE,CAAC,aAAa,CAAC,CAAC,CAAC,SAAS,EAAE,CAAC,CAC3C,CAAC;SACH;IACH,CAAC;IAEM,oBAAoB,CACzB,cAA8B,EAC9B,MAAgC,EAChC,KAAmC;QAEnC,IAAI,KAAK,KAAK,YAAY,EAAE;YAC1B,OAAO,IAAI,CAAC,iBAAiB,CAAC,IAAI,CAChC,CAAC,CAAC,EAAE,CAAC,EAAE,EAAE,CACP,IAAI,CAAC,4BAA4B,CAAC,cAAc,EAAE,CAAC,CAAC,KAAK,EAAE,EAAE,MAAM,CAAC;iBACjE,EAAE;gBACL,IAAI,CAAC,4BAA4B,CAAC,cAAc,EAAE,CAAC,CAAC,KAAK,EAAE,EAAE,MAAM,CAAC;qBACjE,EAAE,CACR,CAAC;SACH;aAAM;YACL,OAAO,IAAI,CAAC,iBAAiB,CAAC,IAAI,CAChC,CAAC,CAAC,EAAE,CAAC,EAAE,EAAE,CACP,IAAI,CAAC,4BAA4B,CAAC,cAAc,EAAE,CAAC,CAAC,KAAK,EAAE,EAAE,MAAM,CAAC;iBACjE,EAAE;gBACL,IAAI,CAAC,4BAA4B,CAAC,cAAc,EAAE,CAAC,CAAC,KAAK,EAAE,EAAE,MAAM,CAAC;qBACjE,EAAE,CACR,CAAC;SACH;IACH,CAAC;IAED,qGAAqG;IAE9F,4BAA4B,CACjC,cAA8B,EAC9B,EAAU,EACV,MAAgC;QAEhC,MAAM,OAAO,GAAG,IAAI,CAAC,iBAAiB,CAAC,IAAI,CACzC,CAAC,OAAO,EAAE,EAAE,CAAC,OAAO,CAAC,KAAK,EAAE,KAAK,EAAE,CACpC,CAAC;QACF,IAAI,OAAO,EAAE;YACX,MAAM,cAAc,GAAG,OAAO,CAAC,iBAAiB,EAAE,CAAC;YACnD,IAAI,EAAE,GAAG,CAAC,CAAC;YACX,IAAI,QAAQ,GAAG,CAAC,CAAC;YACjB,MAAM,WAAW,GAAG,IAAI,IAAI,EAAE,CAAC;YAC/B,MAAM,WAAW,GAAG,IAAI,IAAI,EAAE,CAAC;YAC/B,QAAQ,MAAM,EAAE;gBACd,KAAK,QAAQ;oBACX,WAAW,CAAC,OAAO,CAAC,WAAW,CAAC,OAAO,EAAE,GAAG,CAAC,CAAC,CAAC;oBAC/C,MAAM;gBACR,KAAK,KAAK;oBACR,WAAW,CAAC,QAAQ,CAAC,WAAW,CAAC,QAAQ,EAAE,GAAG,CAAC,CAAC,CAAC;oBACjD,MAAM;gBACR,KAAK,KAAK;oBACR,WAAW,CAAC,WAAW,CAAC,WAAW,CAAC,WAAW,EAAE,GAAG,CAAC,CAAC,CAAC;oBACvD,MAAM;aACT;YACD,cAAc,EAAE,OAAO,CAAC,CAAC,SAAS,EAAE,EAAE;gBACpC,MAAM,cAAc,GAAG,IAAI,IAAI,CAAC,SAAS,CAAC,KAAK,CAAC,CAAC;gBACjD,IAAI,cAAc,IAAI,WAAW,IAAI,cAAc,IAAI,WAAW,EAAE;oBAClE,MAAM,IAAI,GAAG,cAAc;yBACxB,iBAAiB,EAAE;yBACnB,IAAI,CAAC,CAAC,IAAI,EAAE,EAAE,CAAC,IAAI,CAAC,KAAK,EAAE,KAAK,SAAS,CAAC,IAAI,CAAC,CAAC;oBACnD,IAAI,IAAI,EAAE;wBACR,EAAE,IAAI,IAAI,CAAC,eAAe,EAAE,CAAC;wBAC7B,QAAQ,IAAI,IAAI,CAAC,gBAAgB,EAAE,CAAC;qBACrC;iBACF;YACH,CAAC,CAAC,CAAC;YACH,OAAO,EAAE,EAAE,EAAE,EAAE,EAAE,QAAQ,EAAE,QAAQ,EAAE,CAAC;SACvC;QACD,OAAO,EAAE,EAAE,EAAE,CAAC,EAAE,QAAQ,EAAE,CAAC,EAAE,CAAC;IAChC,CAAC;IAEM,eAAe,CACpB,cAA8B,EAC9B,UAAkB;QAElB,+BAA+B;QAC/B,MAAM,OAAO,GAAG,IAAI,CAAC,iBAAiB,CAAC,IAAI,CACzC,CAAC,OAAO,EAAE,EAAE,CAAC,OAAO,CAAC,KAAK,EAAE,KAAK,UAAU,CAC5C,CAAC;QACF,IAAI,OAAO,EAAE;YACX,MAAM,cAAc,GAAG,OAAO,CAAC,iBAAiB,EAAE,CAAC;YACnD,MAAM,cAAc,GAAsC,EAAE,CAAC;YAC7D,cAAc,EAAE,OAAO,CAAC,CAAC,SAAS,EAAE,EAAE;gBACpC,MAAM,IAAI,GAAG,cAAc,CAAC,IAAI,CAC9B,CAAC,IAAI,EAAE,EAAE,CAAC,IAAI,CAAC,IAAI,KAAK,SAAS,CAAC,IAAI,CACvC,CAAC;gBACF,IAAI,IAAI,EAAE;oBACR,IAAI,CAAC,KAAK,EAAE,CAAC;iBACd;qBAAM;oBACL,cAAc,CAAC,IAAI,CAAC,EAAE,IAAI,EAAE,SAAS,CAAC,IAAI,EAAE,KAAK,EAAE,CAAC,EAAE,CAAC,CAAC;iBACzD;YACH,CAAC,CAAC,CAAC;YACH,cAAc,CAAC,IAAI,CAAC,CAAC,CAAC,EAAE,CAAC,EAAE,EAAE,CAAC,CAAC,CAAC,KAAK,GAAG,CAAC,CAAC,KAAK,CAAC,CAAC;YACjD,iCAAiC;YACjC,MAAM,qBAAqB,GAAa,EAAE,CAAC;YAC3C,MAAM,UAAU,GAAG,cAAc,CAAC,MAAM,GAAG,CAAC,CAAC,CAAC,CAAC,CAAC,CAAC,CAAC,CAAC,cAAc,CAAC,MAAM,CAAC;YACzE,KAAK,IAAI,CAAC,GAAG,CAAC,EAAE,CAAC,GAAG,UAAU,EAAE,CAAC,EAAE,EAAE;gBACnC,qBAAqB,CAAC,IAAI,CAAC,cAAc,CAAC,CAAC,CAAC,CAAC,IAAI,CAAC,CAAC;aACpD;YACD,OAAO,qBAAqB,CAAC;SAC9B;QACD,OAAO,SAAS,CAAC;IACnB,CAAC;IAEM,eAAe,CACpB,cAA8B,EAC9B,UAAkB;QAElB,MAAM,YAAY,GAAa,EAAE,CAAC;QAClC,MAAM,KAAK,GAAG,cAAc,CAAC,iBAAiB,EAAE,CAAC;QACjD,KAAK;YACH,CAAC,CAAC,KAAK,CAAC,OAAO,CAAC,CAAC,IAAI,EAAE,EAAE;gBACrB,IAAI,IAAI,CAAC,yBAAyB,EAAE,CAAC,QAAQ,CAAC,UAAU,CAAC,EAAE;oBACzD,YAAY,CAAC,IAAI,CAAC,IAAI,CAAC,KAAK,EAAE,CAAC,CAAC;iBACjC;YACH,CAAC,CAAC;YACJ,CAAC,CAAC,SAAS,CAAC;QACd,OAAO,YAAY,CAAC;IACtB,CAAC;IAEM,UAAU,CAAC,EAAU;QAC1B,MAAM,IAAI,GAAG,IAAI,CAAC,iBAAiB,CAAC,IAAI,CACtC,CAAC,OAAO,EAAE,EAAE,CAAC,OAAO,CAAC,KAAK,EAAE,KAAK,EAAE,CACpC,CAAC;QACF,OAAO,CAAC,GAAG,CAAC,OAAO,GAAG,IAAI,EAAE,KAAK,EAAE,CAAC,CAAC;QACrC,OAAO,CAAC,GAAG,CAAC,WAAW,GAAG,IAAI,EAAE,SAAS,EAAE,CAAC,CAAC;QAC7C,OAAO,CAAC,GAAG,CAAC,gBAAgB,GAAG,IAAI,EAAE,cAAc,EAAE,CAAC,CAAC;IACzD,CAAC;IAEM,SAAS,CAAC,EAAU;QACzB,MAAM,IAAI,GAAG,IAAI,CAAC,iBAAiB,CAAC,IAAI,CACtC,CAAC,OAAO,EAAE,EAAE,CAAC,OAAO,CAAC,KAAK,EAAE,KAAK,EAAE,CACpC,CAAC;QACF,OAAO,IAAI,EAAE,SAAS,EAAE,CAAC;IAC3B,CAAC;IAEM,QAAQ,CAAC,EAAU,EAAE,OAAe;QACzC,MAAM,IAAI,GAAG,IAAI,CAAC,iBAAiB,CAAC,IAAI,CACtC,CAAC,OAAO,EAAE,EAAE,CAAC,OAAO,CAAC,KAAK,EAAE,KAAK,EAAE,CACpC,CAAC;QACF,IAAI,CAAC,IAAI;YAAE,OAAO,gCAAgC,CAAC;QACnD,IAAI,CAAC,IAAI,CAAC,iBAAiB,CAAC,IAAI,CAAC,CAAC,OAAO,EAAE,EAAE,CAAC,OAAO,CAAC,KAAK,EAAE,KAAK,OAAO,CAAC;YACxE,OAAO,8BAA8B,CAAC;QACxC,IAAI,IAAI,CAAC,SAAS,EAAE,EAAE,QAAQ,CAAC,OAAO,CAAC;YAAE,OAAO,wBAAwB,CAAC;QACzE,IAAI,EAAE,KAAK,OAAO;YAAE,OAAO,+BAA+B,CAAC;QAC3D,IAAI,CAAC,SAAS,EAAE,EAAE,IAAI,CAAC,OAAO,CAAC,CAAC;QAChC,IAAI,CAAC,QAAQ;aACV,GAAG,CAAC,SAAS,CAAC;aACd,IAAI,CAAC,EAAE,EAAE,EAAE,EAAE,EAAE,CAAC;aAChB,MAAM,CAAC,EAAE,MAAM,EAAE,IAAI,EAAE,SAAS,EAAE,EAAE,CAAC;aACrC,KAAK,EAAE,CAAC;QACX,OAAO,eAAe,CAAC;IACzB,CAAC;IAEM,WAAW,CAAC,EAAU,EAAE,OAAe;QAC5C,MAAM,IAAI,GAAG,IAAI,CAAC,iBAAiB,CAAC,IAAI,CACtC,CAAC,OAAO,EAAE,EAAE,CAAC,OAAO,CAAC,KAAK,EAAE,KAAK,EAAE,CACpC,CAAC;QACF,IAAI,CAAC,IAAI;YAAE,OAAO,gCAAgC,CAAC;QACnD,IAAI,CAAC,IAAI,CAAC,SAAS,EAAE,EAAE,QAAQ,CAAC,OAAO,CAAC;YAAE,OAAO,wBAAwB,CAAC;QAC1E,IAAI,CAAC,SAAS,EAAE,EAAE,MAAM,CAAC,IAAI,CAAC,SAAS,EAAE,EAAE,OAAO,CAAC,OAAO,CAAC,EAAE,CAAC,CAAC,CAAC;QAChE,IAAI,CAAC,QAAQ;aACV,GAAG,CAAC,SAAS,CAAC;aACd,IAAI,CAAC,EAAE,EAAE,EAAE,EAAE,EAAE,CAAC;aAChB,MAAM,CAAC,EAAE,MAAM,EAAE,IAAI,EAAE,SAAS,EAAE,EAAE,CAAC;aACrC,KAAK,EAAE,CAAC;QACX,OAAO,iBAAiB,CAAC;IAC3B,CAAC;IAEM,SAAS,CACd,eAAgC,EAChC,OAAe;QAEf,MAAM,aAAa,GAAG,IAAI,GAAG,EAAU,CAAC;QACxC,MAAM,MAAM,GAAG,eAAe,CAAC,kBAAkB,EAAE,CAAC;QACpD,MAAM,EAAE,OAAO,CAAC,CAAC,KAAK,EAAE,EAAE;YACxB,IAAI,KAAK,CAAC,gBAAgB,EAAE,CAAC,QAAQ,CAAC,OAAO,CAAC,EAAE;gBAC9C,aAAa,CAAC,GAAG,CAAC,KAAK,CAAC,KAAK,EAAE,CAAC,CAAC;aAClC;QACH,CAAC,CAAC,CAAC;QACH,OAAO,KAAK,CAAC,IAAI,CAAC,aAAa,CAAC,CAAC;IACnC,CAAC;CACF;AA7PD,8CA6PC","sourcesContent":["import { usuario } from \"../types/usuarios\";\nimport { usuarioSchema } from \"../schemas/usuarioSchema\";\nimport lowdb from \"lowdb\";\nimport FileSync from \"lowdb/adapters/FileSync\";\nimport { rutaCollection } from \"./rutaCollection\";\nimport { retoCollection } from \"./retoCollection\";\nimport { grupoCollection } from \"./grupoCollection\";\n/**\n * Usuarios:\nAlfabéticamente por nombre del usuario, ascendente y descendente.\nPor cantidad de KM realizados (ascendente y descendentemente) en función de la semana actual, mes o año.\n */\n\nexport class usuarioCollection {\n  private coleccionUsuarios: usuario[];\n  private database: lowdb.LowdbSync<usuarioSchema>;\n\n  constructor(public coleccion: usuario[]) {\n    this.database = lowdb(new FileSync(\"src/databases/db_usuarios.json\"));\n    if (this.database.has(\"usuario\").value()) {\n      const dbItems = this.database.get(\"usuario\").value();\n      dbItems.forEach((item) =>\n        this.coleccion.push(\n          new usuario(\n            item.id,\n            item.nombre,\n            item.actividades,\n            item.amigos,\n            item.historicoRutas\n          )\n        )\n      );\n    }\n    this.coleccionUsuarios = coleccion;\n  }\n\n  public getColeccionUsuarios(): usuario[] {\n    return this.coleccionUsuarios;\n  }\n\n  public getHistoricoRutas(\n    id: string\n  ): { fecha: Date; ruta: string }[] | undefined {\n    const usuario = this.coleccionUsuarios.find(\n      (usuario) => usuario.getId() === id\n    );\n    return usuario ? usuario.getHistoricoRutas() : undefined;\n  }\n\n  public addUsuario(usuario: usuario) {\n    this.coleccionUsuarios.push(usuario);\n    const dbUsuario = {\n      id: usuario.getId(),\n      nombre: usuario.getNombre(),\n      actividades: usuario.getActividades(),\n      amigos: usuario.getAmigos(),\n      historicoRutas: usuario.getHistoricoRutas(),\n    };\n    this.database.get(\"usuario\").push(dbUsuario).write();\n  }\n\n  public removeUsuario(id: string) {\n    const usuarioAEliminar = this.coleccionUsuarios.find(\n      (usuario) => usuario.getId() === id\n    );\n    if (usuarioAEliminar) {\n      this.coleccionUsuarios = this.coleccionUsuarios.filter(\n        (usuario) => usuario.getId() !== id\n      );\n      this.database.get(\"usuario\").remove({ id: id }).write();\n    }\n  }\n\n  public ordenarUsuariosPorNombre(\n    orden: \"ascendente\" | \"descendente\"\n  ): usuario[] {\n    if (orden === \"ascendente\") {\n      return this.coleccionUsuarios.sort((a, b) =>\n        a.getNombre().localeCompare(b.getNombre())\n      );\n    } else {\n      return this.coleccionUsuarios.sort((a, b) =>\n        b.getNombre().localeCompare(a.getNombre())\n      );\n    }\n  }\n\n  public ordenarUsuariosPorKm(\n    coleccionRutas: rutaCollection,\n    tiempo: \"semana\" | \"mes\" | \"año\",\n    orden: \"ascendente\" | \"descendente\"\n  ) {\n    if (orden === \"ascendente\") {\n      return this.coleccionUsuarios.sort(\n        (a, b) =>\n          this.getEstadisticasEntrenamiento(coleccionRutas, a.getId(), tiempo)\n            .km -\n          this.getEstadisticasEntrenamiento(coleccionRutas, b.getId(), tiempo)\n            .km\n      );\n    } else {\n      return this.coleccionUsuarios.sort(\n        (a, b) =>\n          this.getEstadisticasEntrenamiento(coleccionRutas, b.getId(), tiempo)\n            .km -\n          this.getEstadisticasEntrenamiento(coleccionRutas, a.getId(), tiempo)\n            .km\n      );\n    }\n  }\n\n  // Estadísticas de entrenamiento: Cantidad de km y desnivel total acumulados en la semana, mes y año.\n\n  public getEstadisticasEntrenamiento(\n    coleccionRutas: rutaCollection,\n    id: string,\n    tiempo: \"semana\" | \"mes\" | \"año\"\n  ): { km: number; desnivel: number } {\n    const usuario = this.coleccionUsuarios.find(\n      (usuario) => usuario.getId() === id\n    );\n    if (usuario) {\n      const historicoRutas = usuario.getHistoricoRutas();\n      let km = 0;\n      let desnivel = 0;\n      const fechaActual = new Date();\n      const fechaInicio = new Date();\n      switch (tiempo) {\n        case \"semana\":\n          fechaInicio.setDate(fechaInicio.getDate() - 7);\n          break;\n        case \"mes\":\n          fechaInicio.setMonth(fechaInicio.getMonth() - 1);\n          break;\n        case \"año\":\n          fechaInicio.setFullYear(fechaInicio.getFullYear() - 1);\n          break;\n      }\n      historicoRutas?.forEach((historico) => {\n        const historicoFecha = new Date(historico.fecha);\n        if (historicoFecha >= fechaInicio && historicoFecha <= fechaActual) {\n          const ruta = coleccionRutas\n            .getColeccionRutas()\n            .find((ruta) => ruta.getId() === historico.ruta);\n          if (ruta) {\n            km += ruta.getLongitudRuta();\n            desnivel += ruta.getDesnivelMedio();\n          }\n        }\n      });\n      return { km: km, desnivel: desnivel };\n    }\n    return { km: 0, desnivel: 0 };\n  }\n\n  public getRutaFavorita(\n    coleccionRutas: rutaCollection,\n    id_usuario: string\n  ): string | string[] | undefined {\n    // Retornar solo las 3 primeras\n    const usuario = this.coleccionUsuarios.find(\n      (usuario) => usuario.getId() === id_usuario\n    );\n    if (usuario) {\n      const historicoRutas = usuario.getHistoricoRutas();\n      const rutasFavoritas: { ruta: string; veces: number }[] = [];\n      historicoRutas?.forEach((historico) => {\n        const ruta = rutasFavoritas.find(\n          (ruta) => ruta.ruta === historico.ruta\n        );\n        if (ruta) {\n          ruta.veces++;\n        } else {\n          rutasFavoritas.push({ ruta: historico.ruta, veces: 1 });\n        }\n      });\n      rutasFavoritas.sort((a, b) => b.veces - a.veces);\n      // Retornar las 3 rutas favoritas\n      const rutasFavoritasRetorno: string[] = [];\n      const nFavoritas = rutasFavoritas.length > 3 ? 3 : rutasFavoritas.length;\n      for (let i = 0; i < nFavoritas; i++) {\n        rutasFavoritasRetorno.push(rutasFavoritas[i].ruta);\n      }\n      return rutasFavoritasRetorno;\n    }\n    return undefined;\n  }\n\n  public getRetosActivos(\n    coleccionRetos: retoCollection,\n    id_usuario: string\n  ): string[] {\n    const retosActivos: string[] = [];\n    const retos = coleccionRetos.getColeccionRetos();\n    retos\n      ? retos.forEach((reto) => {\n          if (reto.getUsuariosRealizandoReto().includes(id_usuario)) {\n            retosActivos.push(reto.getId());\n          }\n        })\n      : undefined;\n    return retosActivos;\n  }\n\n  public getUsuario(id: string): void {\n    const user = this.coleccionUsuarios.find(\n      (usuario) => usuario.getId() === id\n    );\n    console.log(\"ID = \" + user?.getId());\n    console.log(\"Nombre = \" + user?.getNombre());\n    console.log(\"Actividades = \" + user?.getActividades());\n  }\n\n  public getAmigos(id: string): string[] | undefined {\n    const user = this.coleccionUsuarios.find(\n      (usuario) => usuario.getId() === id\n    );\n    return user?.getAmigos();\n  }\n\n  public addAmigo(id: string, idAmigo: string): string {\n    const user = this.coleccionUsuarios.find(\n      (usuario) => usuario.getId() === id\n    );\n    if (!user) return \"No se ha encontrado el usuario\";\n    if (!this.coleccionUsuarios.find((usuario) => usuario.getId() === idAmigo))\n      return \"No se ha encontrado el amigo\";\n    if (user.getAmigos()?.includes(idAmigo)) return \"El usuario ya es amigo\";\n    if (id === idAmigo) return \"No puedes añadirte a ti mismo\";\n    user.getAmigos()?.push(idAmigo);\n    this.database\n      .get(\"usuario\")\n      .find({ id: id })\n      .assign({ amigos: user?.getAmigos() })\n      .write();\n    return \"Amigo añadido\";\n  }\n\n  public removeAmigo(id: string, idAmigo: string): string {\n    const user = this.coleccionUsuarios.find(\n      (usuario) => usuario.getId() === id\n    );\n    if (!user) return \"No se ha encontrado el usuario\";\n    if (!user.getAmigos()?.includes(idAmigo)) return \"El usuario no es amigo\";\n    user.getAmigos()?.splice(user.getAmigos()?.indexOf(idAmigo), 1);\n    this.database\n      .get(\"usuario\")\n      .find({ id: id })\n      .assign({ amigos: user?.getAmigos() })\n      .write();\n    return \"Amigo eliminado\";\n  }\n\n  public getGrupos(\n    coleccionGrupos: grupoCollection,\n    id_user: string\n  ): string[] {\n    const gruposActivos = new Set<string>();\n    const grupos = coleccionGrupos.getColeccionGrupos();\n    grupos?.forEach((grupo) => {\n      if (grupo.getParticipantes().includes(id_user)) {\n        gruposActivos.add(grupo.getId());\n      }\n    });\n    return Array.from(gruposActivos);\n  }\n}\n"]},"_coverageSchema":"1a1c01bbd47fc00a2c39e90264f33305004495a9","hash":"e51e23408d28b0e6f72d29fe0ebfe921ad64f42f","contentHash":"23b52025753f29ead090d484e10b2823dccdcb83c401e9a7bcf41eaf521e7382"}}