TN:
SF:src/collections/grupoCollection.ts
FN:12,(anonymous_1)
FN:16,(anonymous_2)
FN:31,(anonymous_3)
FN:35,(anonymous_4)
FN:36,(anonymous_5)
FN:47,(anonymous_6)
FN:59,(anonymous_7)
FN:61,(anonymous_8)
FN:65,(anonymous_9)
FN:71,(anonymous_10)
FN:72,(anonymous_11)
FN:75,(anonymous_12)
FN:80,(anonymous_13)
FN:82,(anonymous_14)
FN:86,(anonymous_15)
FN:92,(anonymous_16)
FN:97,(anonymous_17)
FN:101,(anonymous_18)
FN:106,(anonymous_19)
FN:113,(anonymous_20)
FN:121,(anonymous_21)
FN:130,(anonymous_22)
FN:135,(anonymous_23)
FN:153,(anonymous_24)
FN:158,(anonymous_25)
FN:176,(anonymous_26)
FN:181,(anonymous_27)
FN:186,(anonymous_28)
FN:189,(anonymous_29)
FN:193,(anonymous_30)
FN:205,(anonymous_31)
FN:212,(anonymous_32)
FN:216,(anonymous_33)
FN:220,(anonymous_34)
FN:221,(anonymous_35)
FN:228,(anonymous_36)
FN:235,(anonymous_37)
FN:236,(anonymous_38)
FN:239,(anonymous_39)
FNF:39
FNH:22
FNDA:1,(anonymous_1)
FNDA:5,(anonymous_2)
FNDA:3,(anonymous_3)
FNDA:0,(anonymous_4)
FNDA:0,(anonymous_5)
FNDA:1,(anonymous_6)
FNDA:1,(anonymous_7)
FNDA:6,(anonymous_8)
FNDA:6,(anonymous_9)
FNDA:0,(anonymous_10)
FNDA:0,(anonymous_11)
FNDA:0,(anonymous_12)
FNDA:0,(anonymous_13)
FNDA:0,(anonymous_14)
FNDA:0,(anonymous_15)
FNDA:0,(anonymous_16)
FNDA:0,(anonymous_17)
FNDA:0,(anonymous_18)
FNDA:0,(anonymous_19)
FNDA:0,(anonymous_20)
FNDA:0,(anonymous_21)
FNDA:1,(anonymous_22)
FNDA:1,(anonymous_23)
FNDA:2,(anonymous_24)
FNDA:4,(anonymous_25)
FNDA:1,(anonymous_26)
FNDA:1,(anonymous_27)
FNDA:2,(anonymous_28)
FNDA:4,(anonymous_29)
FNDA:6,(anonymous_30)
FNDA:1,(anonymous_31)
FNDA:1,(anonymous_32)
FNDA:2,(anonymous_33)
FNDA:5,(anonymous_34)
FNDA:6,(anonymous_35)
FNDA:2,(anonymous_36)
FNDA:0,(anonymous_37)
FNDA:0,(anonymous_38)
FNDA:0,(anonymous_39)
DA:1,1
DA:3,1
DA:4,1
DA:8,1
DA:12,1
DA:13,1
DA:14,1
DA:15,1
DA:16,1
DA:17,5
DA:28,1
DA:32,3
DA:36,0
DA:37,0
DA:38,0
DA:39,0
DA:48,1
DA:49,1
DA:56,1
DA:60,1
DA:61,6
DA:63,1
DA:64,1
DA:65,6
DA:67,1
DA:72,0
DA:73,0
DA:75,0
DA:76,0
DA:81,0
DA:82,0
DA:83,0
DA:86,0
DA:87,0
DA:95,0
DA:96,0
DA:97,0
DA:100,0
DA:101,0
DA:111,0
DA:112,0
DA:114,0
DA:120,0
DA:122,0
DA:135,1
DA:136,1
DA:137,1
DA:138,1
DA:139,1
DA:140,1
DA:141,1
DA:142,1
DA:144,0
DA:145,0
DA:147,1
DA:148,1
DA:150,0
DA:151,0
DA:153,1
DA:154,2
DA:155,2
DA:156,2
DA:158,4
DA:159,2
DA:160,2
DA:161,2
DA:166,1
DA:168,0
DA:181,1
DA:182,1
DA:183,1
DA:184,1
DA:185,1
DA:186,1
DA:187,2
DA:188,2
DA:189,2
DA:190,4
DA:191,3
DA:193,6
DA:194,3
DA:195,3
DA:196,3
DA:200,2
DA:205,1
DA:206,1
DA:208,0
DA:216,2
DA:217,1
DA:218,1
DA:219,1
DA:220,1
DA:221,6
DA:222,5
DA:223,2
DA:225,3
DA:228,2
DA:230,1
DA:232,0
DA:236,0
DA:240,0
DA:242,0
DA:243,0
DA:244,0
LF:104
LH:69
BRDA:14,0,0,1
BRDA:14,0,1,0
BRDA:37,1,0,0
BRDA:37,1,1,0
BRDA:63,2,0,1
BRDA:63,2,1,0
BRDA:81,3,0,0
BRDA:81,3,1,0
BRDA:95,4,0,0
BRDA:95,4,1,0
BRDA:111,5,0,0
BRDA:111,5,1,0
BRDA:136,6,0,1
BRDA:136,6,1,0
BRDA:142,7,0,0
BRDA:142,7,1,1
BRDA:142,7,2,0
BRDA:155,8,0,2
BRDA:155,8,1,0
BRDA:155,9,0,2
BRDA:155,9,1,2
BRDA:159,10,0,2
BRDA:159,10,1,0
BRDA:182,11,0,1
BRDA:182,11,1,0
BRDA:190,12,0,3
BRDA:190,12,1,1
BRDA:194,13,0,3
BRDA:194,13,1,0
BRDA:202,14,0,2
BRDA:202,14,1,0
BRDA:217,15,0,1
BRDA:217,15,1,0
BRDA:222,16,0,2
BRDA:222,16,1,3
BRF:35
BRH:16
end_of_record
TN:
SF:src/collections/retoCollection.ts
FN:12,(anonymous_1)
FN:16,(anonymous_2)
FN:31,(anonymous_3)
FN:35,(anonymous_4)
FN:37,(anonymous_5)
FN:46,(anonymous_6)
FN:58,(anonymous_7)
FN:60,(anonymous_8)
FN:64,(anonymous_9)
FN:70,(anonymous_10)
FN:71,(anonymous_11)
FN:77,(anonymous_12)
FN:81,(anonymous_13)
FN:82,(anonymous_14)
FN:91,(anonymous_15)
FN:93,(anonymous_16)
FN:97,(anonymous_17)
FN:103,(anonymous_18)
FN:105,(anonymous_19)
FN:107,(anonymous_20)
FN:108,(anonymous_21)
FN:116,(anonymous_22)
FN:119,(anonymous_23)
FN:122,(anonymous_24)
FN:127,(anonymous_25)
FN:129,(anonymous_26)
FN:132,(anonymous_27)
FN:137,(anonymous_28)
FN:139,(anonymous_29)
FN:142,(anonymous_30)
FNF:30
FNH:7
FNDA:2,(anonymous_1)
FNDA:4,(anonymous_2)
FNDA:4,(anonymous_3)
FNDA:0,(anonymous_4)
FNDA:0,(anonymous_5)
FNDA:1,(anonymous_6)
FNDA:1,(anonymous_7)
FNDA:3,(anonymous_8)
FNDA:3,(anonymous_9)
FNDA:0,(anonymous_10)
FNDA:0,(anonymous_11)
FNDA:0,(anonymous_12)
FNDA:0,(anonymous_13)
FNDA:0,(anonymous_14)
FNDA:0,(anonymous_15)
FNDA:0,(anonymous_16)
FNDA:0,(anonymous_17)
FNDA:0,(anonymous_18)
FNDA:0,(anonymous_19)
FNDA:0,(anonymous_20)
FNDA:0,(anonymous_21)
FNDA:0,(anonymous_22)
FNDA:0,(anonymous_23)
FNDA:0,(anonymous_24)
FNDA:0,(anonymous_25)
FNDA:0,(anonymous_26)
FNDA:0,(anonymous_27)
FNDA:0,(anonymous_28)
FNDA:0,(anonymous_29)
FNDA:0,(anonymous_30)
DA:1,1
DA:3,1
DA:4,1
DA:8,1
DA:12,2
DA:13,2
DA:14,2
DA:15,2
DA:16,2
DA:17,4
DA:28,2
DA:32,4
DA:36,0
DA:37,0
DA:38,0
DA:39,0
DA:42,0
DA:47,1
DA:48,1
DA:55,1
DA:59,1
DA:60,3
DA:62,1
DA:63,1
DA:64,3
DA:66,1
DA:71,0
DA:73,0
DA:74,0
DA:75,0
DA:76,0
DA:77,0
DA:78,0
DA:80,0
DA:81,0
DA:82,0
DA:83,0
DA:84,0
DA:92,0
DA:93,0
DA:94,0
DA:97,0
DA:98,0
DA:104,0
DA:105,0
DA:106,0
DA:107,0
DA:108,0
DA:109,0
DA:110,0
DA:114,0
DA:117,0
DA:118,0
DA:119,0
DA:122,0
DA:128,0
DA:129,0
DA:132,0
DA:138,0
DA:139,0
DA:142,0
LF:61
LH:21
BRDA:14,0,0,2
BRDA:14,0,1,0
BRDA:38,1,0,0
BRDA:38,1,1,0
BRDA:62,2,0,1
BRDA:62,2,1,0
BRDA:73,3,0,0
BRDA:73,3,1,0
BRDA:83,4,0,0
BRDA:83,4,1,0
BRDA:92,5,0,0
BRDA:92,5,1,0
BRDA:94,6,0,0
BRDA:94,6,1,0
BRDA:98,7,0,0
BRDA:98,7,1,0
BRDA:106,8,0,0
BRDA:106,8,1,0
BRDA:109,9,0,0
BRDA:109,9,1,0
BRDA:118,10,0,0
BRDA:118,10,1,0
BRDA:128,11,0,0
BRDA:128,11,1,0
BRDA:138,12,0,0
BRDA:138,12,1,0
BRF:26
BRH:2
end_of_record
TN:
SF:src/collections/rutaCollection.ts
FN:21,(anonymous_1)
FN:26,(anonymous_2)
FN:44,(anonymous_3)
FN:48,(anonymous_4)
FN:63,(anonymous_5)
FN:65,(anonymous_6)
FN:69,(anonymous_7)
FN:76,(anonymous_8)
FN:78,(anonymous_9)
FN:82,(anonymous_10)
FN:89,(anonymous_11)
FN:92,(anonymous_12)
FN:98,(anonymous_13)
FN:107,(anonymous_14)
FN:110,(anonymous_15)
FN:114,(anonymous_16)
FN:119,(anonymous_17)
FN:122,(anonymous_18)
FN:126,(anonymous_19)
FN:131,(anonymous_20)
FN:135,(anonymous_21)
FN:142,(anonymous_22)
FN:143,(anonymous_23)
FN:161,(anonymous_24)
FN:162,(anonymous_25)
FN:166,(anonymous_26)
FN:168,(anonymous_27)
FN:171,(anonymous_28)
FN:185,(anonymous_29)
FN:196,(anonymous_30)
FN:197,(anonymous_31)
FNF:31
FNH:13
FNDA:3,(anonymous_1)
FNDA:27,(anonymous_2)
FNDA:10,(anonymous_3)
FNDA:1,(anonymous_4)
FNDA:1,(anonymous_5)
FNDA:10,(anonymous_6)
FNDA:10,(anonymous_7)
FNDA:1,(anonymous_8)
FNDA:20,(anonymous_9)
FNDA:0,(anonymous_10)
FNDA:0,(anonymous_11)
FNDA:0,(anonymous_12)
FNDA:0,(anonymous_13)
FNDA:0,(anonymous_14)
FNDA:0,(anonymous_15)
FNDA:0,(anonymous_16)
FNDA:1,(anonymous_17)
FNDA:0,(anonymous_18)
FNDA:20,(anonymous_19)
FNDA:1,(anonymous_20)
FNDA:9,(anonymous_21)
FNDA:0,(anonymous_22)
FNDA:0,(anonymous_23)
FNDA:0,(anonymous_24)
FNDA:0,(anonymous_25)
FNDA:0,(anonymous_26)
FNDA:0,(anonymous_27)
FNDA:0,(anonymous_28)
FNDA:0,(anonymous_29)
FNDA:0,(anonymous_30)
FNDA:0,(anonymous_31)
DA:1,1
DA:5,1
DA:6,1
DA:16,1
DA:21,3
DA:22,3
DA:23,3
DA:24,3
DA:25,3
DA:26,3
DA:27,27
DA:41,3
DA:45,10
DA:49,1
DA:50,1
DA:60,1
DA:64,1
DA:65,10
DA:67,1
DA:68,1
DA:69,10
DA:71,1
DA:77,1
DA:78,1
DA:79,20
DA:82,0
DA:83,0
DA:90,0
DA:91,0
DA:93,0
DA:97,0
DA:99,0
DA:108,0
DA:109,0
DA:110,0
DA:113,0
DA:114,0
DA:120,1
DA:121,0
DA:122,0
DA:125,1
DA:126,20
DA:133,1
DA:134,1
DA:135,9
DA:138,0
DA:143,0
DA:144,0
DA:145,0
DA:146,0
DA:147,0
DA:148,0
DA:149,0
DA:150,0
DA:154,0
DA:155,0
DA:157,0
DA:162,0
DA:168,0
DA:169,0
DA:171,0
DA:172,0
DA:173,0
DA:175,0
DA:177,0
DA:179,0
DA:189,0
DA:190,0
DA:192,0
DA:193,0
DA:196,0
DA:197,0
DA:198,0
DA:202,0
LF:74
LH:31
BRDA:24,0,0,3
BRDA:24,0,1,0
BRDA:67,1,0,1
BRDA:67,1,1,0
BRDA:77,2,0,1
BRDA:77,2,1,0
BRDA:90,3,0,0
BRDA:90,3,1,0
BRDA:108,4,0,0
BRDA:108,4,1,0
BRDA:120,5,0,0
BRDA:120,5,1,1
BRDA:133,6,0,1
BRDA:133,6,1,0
BRDA:133,7,0,1
BRDA:133,7,1,0
BRDA:144,8,0,0
BRDA:144,8,1,0
BRDA:169,9,0,0
BRDA:169,9,1,0
BRDA:172,10,0,0
BRDA:172,10,1,0
BRDA:192,11,0,0
BRDA:192,11,1,0
BRDA:197,12,0,0
BRDA:197,12,1,0
BRF:26
BRH:6
end_of_record
TN:
SF:src/collections/usuarioCollection.ts
FN:18,(anonymous_1)
FN:22,(anonymous_2)
FN:37,(anonymous_3)
FN:41,(anonymous_4)
FN:45,(anonymous_5)
FN:50,(anonymous_6)
FN:62,(anonymous_7)
FN:64,(anonymous_8)
FN:68,(anonymous_9)
FN:74,(anonymous_10)
FN:78,(anonymous_11)
FN:82,(anonymous_12)
FN:88,(anonymous_13)
FN:95,(anonymous_14)
FN:103,(anonymous_15)
FN:114,(anonymous_16)
FN:120,(anonymous_17)
FN:139,(anonymous_18)
FN:144,(anonymous_19)
FN:156,(anonymous_20)
FN:162,(anonymous_21)
FN:167,(anonymous_22)
FN:169,(anonymous_23)
FN:177,(anonymous_24)
FN:189,(anonymous_25)
FN:196,(anonymous_26)
FN:205,(anonymous_27)
FN:207,(anonymous_28)
FN:214,(anonymous_29)
FN:216,(anonymous_30)
FN:221,(anonymous_31)
FN:223,(anonymous_32)
FN:226,(anonymous_33)
FN:239,(anonymous_34)
FN:241,(anonymous_35)
FN:254,(anonymous_36)
FN:260,(anonymous_37)
FNF:37
FNH:20
FNDA:1,(anonymous_1)
FNDA:19,(anonymous_2)
FNDA:3,(anonymous_3)
FNDA:1,(anonymous_4)
FNDA:3,(anonymous_5)
FNDA:1,(anonymous_6)
FNDA:1,(anonymous_7)
FNDA:20,(anonymous_8)
FNDA:20,(anonymous_9)
FNDA:0,(anonymous_10)
FNDA:0,(anonymous_11)
FNDA:0,(anonymous_12)
FNDA:0,(anonymous_13)
FNDA:0,(anonymous_14)
FNDA:0,(anonymous_15)
FNDA:1,(anonymous_16)
FNDA:1,(anonymous_17)
FNDA:11,(anonymous_18)
FNDA:3,(anonymous_19)
FNDA:1,(anonymous_20)
FNDA:1,(anonymous_21)
FNDA:11,(anonymous_22)
FNDA:23,(anonymous_23)
FNDA:6,(anonymous_24)
FNDA:1,(anonymous_25)
FNDA:2,(anonymous_26)
FNDA:0,(anonymous_27)
FNDA:0,(anonymous_28)
FNDA:0,(anonymous_29)
FNDA:0,(anonymous_30)
FNDA:0,(anonymous_31)
FNDA:0,(anonymous_32)
FNDA:0,(anonymous_33)
FNDA:0,(anonymous_34)
FNDA:0,(anonymous_35)
FNDA:0,(anonymous_36)
FNDA:0,(anonymous_37)
DA:1,1
DA:3,1
DA:4,1
DA:14,1
DA:18,1
DA:19,1
DA:20,1
DA:21,1
DA:22,1
DA:23,19
DA:34,1
DA:38,3
DA:44,1
DA:45,3
DA:47,1
DA:51,1
DA:52,1
DA:59,1
DA:63,1
DA:64,20
DA:66,1
DA:67,1
DA:68,20
DA:70,1
DA:77,0
DA:78,0
DA:79,0
DA:82,0
DA:83,0
DA:93,0
DA:94,0
DA:96,0
DA:102,0
DA:104,0
DA:119,1
DA:120,1
DA:122,1
DA:123,1
DA:124,1
DA:125,1
DA:126,1
DA:127,1
DA:128,1
DA:130,0
DA:131,0
DA:133,1
DA:134,1
DA:136,0
DA:137,0
DA:139,1
DA:140,11
DA:141,11
DA:142,2
DA:144,3
DA:145,2
DA:146,2
DA:147,2
DA:151,1
DA:153,0
DA:161,1
DA:162,1
DA:164,1
DA:165,1
DA:166,1
DA:167,1
DA:168,11
DA:169,23
DA:171,11
DA:172,7
DA:174,4
DA:177,6
DA:179,1
DA:180,1
DA:181,1
DA:182,3
DA:184,1
DA:186,0
DA:193,1
DA:194,1
DA:195,1
DA:197,2
DA:198,2
DA:202,1
DA:206,0
DA:207,0
DA:209,0
DA:210,0
DA:211,0
DA:215,0
DA:216,0
DA:218,0
DA:222,0
DA:223,0
DA:225,0
DA:226,0
DA:227,0
DA:228,0
DA:229,0
DA:230,0
DA:231,0
DA:236,0
DA:240,0
DA:241,0
DA:243,0
DA:244,0
DA:245,0
DA:246,0
DA:251,0
DA:258,0
DA:259,0
DA:260,0
DA:261,0
DA:262,0
DA:265,0
LF:114
LH:67
BRDA:20,0,0,1
BRDA:20,0,1,0
BRDA:47,1,0,1
BRDA:47,1,1,0
BRDA:66,2,0,1
BRDA:66,2,1,0
BRDA:77,3,0,0
BRDA:77,3,1,0
BRDA:93,4,0,0
BRDA:93,4,1,0
BRDA:122,5,0,1
BRDA:122,5,1,0
BRDA:128,6,0,0
BRDA:128,6,1,1
BRDA:128,6,2,0
BRDA:141,7,0,2
BRDA:141,7,1,9
BRDA:141,8,0,11
BRDA:141,8,1,2
BRDA:145,9,0,2
BRDA:145,9,1,0
BRDA:164,10,0,1
BRDA:164,10,1,0
BRDA:171,11,0,7
BRDA:171,11,1,4
BRDA:180,12,0,1
BRDA:180,12,1,0
BRDA:195,13,0,1
BRDA:195,13,1,0
BRDA:197,14,0,2
BRDA:197,14,1,0
BRDA:225,15,0,0
BRDA:225,15,1,0
BRDA:226,16,0,0
BRDA:226,16,1,0
BRDA:228,17,0,0
BRDA:228,17,1,0
BRDA:229,18,0,0
BRDA:229,18,1,0
BRDA:243,19,0,0
BRDA:243,19,1,0
BRDA:244,20,0,0
BRDA:244,20,1,0
BRDA:261,21,0,0
BRDA:261,21,1,0
BRF:45
BRH:16
end_of_record
TN:
SF:src/types/grupos.ts
FN:8,(anonymous_0)
FN:24,(anonymous_1)
FN:28,(anonymous_2)
FN:32,(anonymous_3)
FN:36,(anonymous_4)
FN:40,(anonymous_5)
FN:43,(anonymous_6)
FNF:7
FNH:6
FNDA:7,(anonymous_0)
FNDA:18,(anonymous_1)
FNDA:2,(anonymous_2)
FNDA:3,(anonymous_3)
FNDA:0,(anonymous_4)
FNDA:5,(anonymous_5)
FNDA:1,(anonymous_6)
DA:1,1
DA:15,7
DA:16,7
DA:17,7
DA:18,7
DA:19,7
DA:25,18
DA:29,2
DA:33,3
DA:37,0
DA:41,5
DA:44,1
DA:48,1
LF:13
LH:12
BRF:0
BRH:0
end_of_record
TN:
SF:src/types/retos.ts
FN:8,(anonymous_0)
FN:22,(anonymous_1)
FN:26,(anonymous_2)
FN:30,(anonymous_3)
FN:34,(anonymous_4)
FN:38,(anonymous_5)
FNF:6
FNH:6
FNDA:6,(anonymous_0)
FNDA:10,(anonymous_1)
FNDA:2,(anonymous_2)
FNDA:2,(anonymous_3)
FNDA:2,(anonymous_4)
FNDA:4,(anonymous_5)
DA:1,1
DA:15,6
DA:16,6
DA:17,6
DA:18,6
DA:19,6
DA:23,10
DA:27,2
DA:31,2
DA:35,2
DA:39,4
LF:11
LH:11
BRF:0
BRH:0
end_of_record
TN:
SF:src/types/rutas.ts
FN:11,(anonymous_0)
FN:31,(anonymous_1)
FN:35,(anonymous_2)
FN:39,(anonymous_3)
FN:43,(anonymous_4)
FN:47,(anonymous_5)
FN:51,(anonymous_6)
FN:55,(anonymous_7)
FN:59,(anonymous_8)
FN:63,(anonymous_9)
FN:67,(anonymous_10)
FN:71,(anonymous_11)
FN:75,(anonymous_12)
FN:79,(anonymous_13)
FN:83,(anonymous_14)
FN:87,(anonymous_15)
FN:91,(anonymous_16)
FNF:17
FNH:17
FNDA:29,(anonymous_0)
FNDA:1,(anonymous_1)
FNDA:35,(anonymous_2)
FNDA:1,(anonymous_3)
FNDA:44,(anonymous_4)
FNDA:1,(anonymous_5)
FNDA:2,(anonymous_6)
FNDA:1,(anonymous_7)
FNDA:2,(anonymous_8)
FNDA:1,(anonymous_9)
FNDA:9,(anonymous_10)
FNDA:1,(anonymous_11)
FNDA:9,(anonymous_12)
FNDA:1,(anonymous_13)
FNDA:11,(anonymous_14)
FNDA:1,(anonymous_15)
FNDA:42,(anonymous_16)
DA:1,1
DA:21,29
DA:22,29
DA:23,29
DA:24,29
DA:25,29
DA:26,29
DA:27,29
DA:28,29
DA:32,1
DA:36,35
DA:40,1
DA:44,44
DA:48,1
DA:52,2
DA:56,1
DA:60,2
DA:64,1
DA:68,9
DA:72,1
DA:76,9
DA:80,1
DA:84,11
DA:88,1
DA:92,42
DA:96,1
LF:26
LH:26
BRF:0
BRH:0
end_of_record
TN:
SF:src/types/usuarios.ts
FN:8,(anonymous_0)
FN:22,(anonymous_1)
FN:25,(anonymous_2)
FN:29,(anonymous_3)
FN:33,(anonymous_4)
FN:36,(anonymous_5)
FN:40,(anonymous_6)
FNF:7
FNH:6
FNDA:21,(anonymous_0)
FNDA:47,(anonymous_1)
FNDA:2,(anonymous_2)
FNDA:2,(anonymous_3)
FNDA:2,(anonymous_4)
FNDA:5,(anonymous_5)
FNDA:0,(anonymous_6)
DA:1,1
DA:15,21
DA:16,21
DA:17,21
DA:18,21
DA:19,21
DA:23,47
DA:26,2
DA:30,2
DA:34,2
DA:37,5
DA:41,0
DA:45,1
LF:13
LH:12
BRF:0
BRH:0
end_of_record
